# NetMHCIIpan version 4.0

# Input is in FASTA format

# Peptide length 15

# Prediction Mode: EL+BA

# Threshold for Strong binding peptides (%Rank)	2%
# Threshold for Weak binding peptides (%Rank)	10%

# Allele: HLA-DPA10103-DPB10101
--------------------------------------------------------------------------------------------------------------------------------------------
 Pos                     MHC              Peptide   Of        Core  Core_Rel        Identity      Score_EL %Rank_EL Exp_Bind      Score_BA  Affinity(nM) %Rank_BA  BindLevel
--------------------------------------------------------------------------------------------------------------------------------------------
  54   HLA-DPA10103-DPB10101      PSFYVYSRVKNLNSS    3   YVYSRVKNL     0.853  YP_009724392.1      0.273184     1.39       NA      0.470132        308.91    10.09   <=SB
  53   HLA-DPA10103-DPB10101      KPSFYVYSRVKNLNS    4   YVYSRVKNL     0.813  YP_009724392.1      0.270148     1.45       NA      0.485967        260.27     7.95   <=SB
  52   HLA-DPA10103-DPB10101      VKPSFYVYSRVKNLN    5   YVYSRVKNL     0.747  YP_009724392.1      0.238711     2.30       NA      0.490597        247.55     7.39   <=WB
  55   HLA-DPA10103-DPB10101      SFYVYSRVKNLNSSR    2   YVYSRVKNL     0.687  YP_009724392.1      0.165541     7.11       NA      0.461593        338.81    11.34   <=WB
  51   HLA-DPA10103-DPB10101      LVKPSFYVYSRVKNL    6   YVYSRVKNL     0.620  YP_009724392.1      0.149534     9.21       NA      0.499094        225.81     6.39   <=WB
  49   HLA-DPA10103-DPB10101      VSLVKPSFYVYSRVK    3   VKPSFYVYS     0.687  YP_009724392.1      0.106914    18.97       NA      0.452204        375.04    12.93       
   1   HLA-DPA10103-DPB10101      MYSFVSEETGTLIVN    3   FVSEETGTL     0.787  YP_009724392.1      0.105115    19.59       NA      0.443630        411.50    14.41       
  48   HLA-DPA10103-DPB10101      NVSLVKPSFYVYSRV    4   VKPSFYVYS     0.513  YP_009724392.1      0.101203    20.99       NA      0.449384        386.66    13.41       
  56   HLA-DPA10103-DPB10101      FYVYSRVKNLNSSRV    1   YVYSRVKNL     0.473  YP_009724392.1      0.094682    23.52       NA      0.447395        395.07    13.74       
  47   HLA-DPA10103-DPB10101      VNVSLVKPSFYVYSR    5   VKPSFYVYS     0.453  YP_009724392.1      0.090868    25.14       NA      0.420606        527.90    19.02       
  50   HLA-DPA10103-DPB10101      SLVKPSFYVYSRVKN    2   VKPSFYVYS     0.500  YP_009724392.1      0.089095    25.92       NA      0.430815        472.70    16.86       
   2   HLA-DPA10103-DPB10101      YSFVSEETGTLIVNS    2   FVSEETGTL     0.620  YP_009724392.1      0.083539    28.71       NA      0.416739        550.46    19.86       
  57   HLA-DPA10103-DPB10101      YVYSRVKNLNSSRVP    3   SRVKNLNSS     0.313  YP_009724392.1      0.057758    45.01       NA      0.358402       1034.78    34.65       
  46   HLA-DPA10103-DPB10101      IVNVSLVKPSFYVYS    5   LVKPSFYVY     0.327  YP_009724392.1      0.052264    49.53       NA      0.412671        575.23    20.78       
   3   HLA-DPA10103-DPB10101      SFVSEETGTLIVNSV    1   FVSEETGTL     0.333  YP_009724392.1      0.051996    49.75       NA      0.375346        861.45    29.89       
  58   HLA-DPA10103-DPB10101      VYSRVKNLNSSRVPD    4   VKNLNSSRV     0.513  YP_009724392.1      0.050877    50.73       NA      0.292113       2120.02    54.07       
  59   HLA-DPA10103-DPB10101      YSRVKNLNSSRVPDL    3   VKNLNSSRV     0.533  YP_009724392.1      0.040370    60.37       NA      0.305077       1842.56    50.21       
  45   HLA-DPA10103-DPB10101      NIVNVSLVKPSFYVY    2   VNVSLVKPS     0.427  YP_009724392.1      0.038054    62.71       NA      0.396302        686.69    24.60       
  60   HLA-DPA10103-DPB10101      SRVKNLNSSRVPDLL    5   LNSSRVPDL     0.447  YP_009724392.1      0.037937    62.83       NA      0.312048       1708.70    48.22       
   4   HLA-DPA10103-DPB10101      FVSEETGTLIVNSVL    4   ETGTLIVNS     0.467  YP_009724392.1      0.034900    65.95       NA      0.350766       1123.91    36.81       
  61   HLA-DPA10103-DPB10101      RVKNLNSSRVPDLLV    4   LNSSRVPDL     0.620  YP_009724392.1      0.032304    68.69       NA      0.340907       1250.43    39.60       
  44   HLA-DPA10103-DPB10101      CNIVNVSLVKPSFYV    3   VNVSLVKPS     0.460  YP_009724392.1      0.032018    68.99       NA      0.363315        981.21    33.27       
  18   HLA-DPA10103-DPB10101      LLFLAFVVFLLVTLA    3   LAFVVFLLV     0.847  YP_009724392.1      0.027701    73.66       NA      0.409658        594.29    21.47       
  43   HLA-DPA10103-DPB10101      CCNIVNVSLVKPSFY    4   VNVSLVKPS     0.527  YP_009724392.1      0.026757    74.69       NA      0.349941       1133.99    37.05       
   5   HLA-DPA10103-DPB10101      VSEETGTLIVNSVLL    3   ETGTLIVNS     0.480  YP_009724392.1      0.026308    75.19       NA      0.354041       1084.78    35.86       
   6   HLA-DPA10103-DPB10101      SEETGTLIVNSVLLF    6   LIVNSVLLF     0.273  YP_009724392.1      0.026059    75.47       NA      0.388217        749.46    26.55       
  16   HLA-DPA10103-DPB10101      SVLLFLAFVVFLLVT    5   LAFVVFLLV     0.820  YP_009724392.1      0.024989    76.67       NA      0.409018        598.42    21.61       
  17   HLA-DPA10103-DPB10101      VLLFLAFVVFLLVTL    4   LAFVVFLLV     0.820  YP_009724392.1      0.024095    77.68       NA      0.410748        587.32    21.22       
   8   HLA-DPA10103-DPB10101      ETGTLIVNSVLLFLA    4   LIVNSVLLF     0.540  YP_009724392.1      0.023661    78.17       NA      0.369984        912.91    31.38       
  19   HLA-DPA10103-DPB10101      LFLAFVVFLLVTLAI    2   LAFVVFLLV     0.760  YP_009724392.1      0.019509    82.82       NA      0.393846        705.18    25.19       
   9   HLA-DPA10103-DPB10101      TGTLIVNSVLLFLAF    3   LIVNSVLLF     0.513  YP_009724392.1      0.018335    84.13       NA      0.366511        947.86    32.36       
   7   HLA-DPA10103-DPB10101      EETGTLIVNSVLLFL    5   LIVNSVLLF     0.387  YP_009724392.1      0.018284    84.19       NA      0.381700        804.22    28.17       
  28   HLA-DPA10103-DPB10101      LVTLAILTALRLCAY    3   LAILTALRL     0.467  YP_009724392.1      0.016693    85.93       NA      0.449488        386.22    13.39       
  42   HLA-DPA10103-DPB10101      YCCNIVNVSLVKPSF    5   VNVSLVKPS     0.587  YP_009724392.1      0.016077    86.60       NA      0.340029       1262.36    39.86       
  15   HLA-DPA10103-DPB10101      NSVLLFLAFVVFLLV    6   LAFVVFLLV     0.620  YP_009724392.1      0.015569    87.15       NA      0.407822        606.21    21.88       
  25   HLA-DPA10103-DPB10101      VFLLVTLAILTALRL    6   LAILTALRL     0.400  YP_009724392.1      0.014826    87.95       NA      0.409008        598.49    21.61       
  27   HLA-DPA10103-DPB10101      LLVTLAILTALRLCA    4   LAILTALRL     0.540  YP_009724392.1      0.014456    88.35       NA      0.386037        767.35    27.08       
  29   HLA-DPA10103-DPB10101      VTLAILTALRLCAYC    2   LAILTALRL     0.500  YP_009724392.1      0.013582    89.29       NA      0.432736        462.97    16.48       
  10   HLA-DPA10103-DPB10101      GTLIVNSVLLFLAFV    2   LIVNSVLLF     0.427  YP_009724392.1      0.012637    90.29       NA      0.341266       1245.58    39.50       
  24   HLA-DPA10103-DPB10101      VVFLLVTLAILTALR    3   LLVTLAILT     0.260  YP_009724392.1      0.011554    91.38       NA      0.374841        866.17    30.03       
  41   HLA-DPA10103-DPB10101      AYCCNIVNVSLVKPS    6   VNVSLVKPS     0.327  YP_009724392.1      0.011258    91.68       NA      0.339443       1270.39    40.03       
  26   HLA-DPA10103-DPB10101      FLLVTLAILTALRLC    5   LAILTALRL     0.467  YP_009724392.1      0.010944    92.00       NA      0.374417        870.15    30.14       
  22   HLA-DPA10103-DPB10101      AFVVFLLVTLAILTA    5   LLVTLAILT     0.260  YP_009724392.1      0.009362    93.59       NA      0.313015       1690.92    47.94       
  20   HLA-DPA10103-DPB10101      FLAFVVFLLVTLAIL    1   LAFVVFLLV     0.580  YP_009724392.1      0.008736    94.22       NA      0.373917        874.87    30.28       
  23   HLA-DPA10103-DPB10101      FVVFLLVTLAILTAL    4   LLVTLAILT     0.260  YP_009724392.1      0.008459    94.50       NA      0.323479       1509.91    44.81       
  11   HLA-DPA10103-DPB10101      TLIVNSVLLFLAFVV    4   NSVLLFLAF     0.080  YP_009724392.1      0.008407    94.55       NA      0.320227       1563.99    45.78       
  34   HLA-DPA10103-DPB10101      LTALRLCAYCCNIVN    4   RLCAYCCNI     0.287  YP_009724392.1      0.007736    95.00       NA      0.362927        985.34    33.38       
  30   HLA-DPA10103-DPB10101      TLAILTALRLCAYCC    1   LAILTALRL     0.420  YP_009724392.1      0.007570    95.00       NA      0.407159        610.58    22.03       
  32   HLA-DPA10103-DPB10101      AILTALRLCAYCCNI    6   RLCAYCCNI     0.133  YP_009724392.1      0.007450    95.00       NA      0.368931        923.37    31.68       
  33   HLA-DPA10103-DPB10101      ILTALRLCAYCCNIV    5   RLCAYCCNI     0.207  YP_009724392.1      0.007263    95.00       NA      0.370394        908.87    31.26       
  35   HLA-DPA10103-DPB10101      TALRLCAYCCNIVNV    3   RLCAYCCNI     0.307  YP_009724392.1      0.006884    95.00       NA      0.352081       1108.03    36.43       
  12   HLA-DPA10103-DPB10101      LIVNSVLLFLAFVVF    3   NSVLLFLAF     0.073  YP_009724392.1      0.006366    95.00       NA      0.309527       1755.95    48.94       
  21   HLA-DPA10103-DPB10101      LAFVVFLLVTLAILT    5   FLLVTLAIL     0.427  YP_009724392.1      0.005877    95.00       NA      0.313491       1682.23    47.80       
  40   HLA-DPA10103-DPB10101      CAYCCNIVNVSLVKP    4   CNIVNVSLV     0.327  YP_009724392.1      0.005746    95.00       NA      0.329981       1407.34    42.85       
  13   HLA-DPA10103-DPB10101      IVNSVLLFLAFVVFL    5   LLFLAFVVF     0.513  YP_009724392.1      0.005067    95.00       NA      0.299813       1950.55    51.78       
  36   HLA-DPA10103-DPB10101      ALRLCAYCCNIVNVS    2   RLCAYCCNI     0.160  YP_009724392.1      0.004910    95.00       NA      0.342830       1224.68    39.05       
  31   HLA-DPA10103-DPB10101      LAILTALRLCAYCCN    3   LTALRLCAY     0.553  YP_009724392.1      0.004872    95.00       NA      0.383083        792.27    27.82       
  39   HLA-DPA10103-DPB10101      LCAYCCNIVNVSLVK    3   YCCNIVNVS     0.473  YP_009724392.1      0.004577    95.00       NA      0.325439       1478.23    44.24       
  14   HLA-DPA10103-DPB10101      VNSVLLFLAFVVFLL    4   LLFLAFVVF     0.547  YP_009724392.1      0.003566    95.00       NA      0.331486       1384.61    42.38       
  37   HLA-DPA10103-DPB10101      LRLCAYCCNIVNVSL    5   YCCNIVNVS     0.340  YP_009724392.1      0.002857    95.00       NA      0.331090       1390.55    42.51       
  38   HLA-DPA10103-DPB10101      RLCAYCCNIVNVSLV    4   YCCNIVNVS     0.453  YP_009724392.1      0.002608    95.00       NA      0.331384       1386.14    42.41       
--------------------------------------------------------------------------------------------------------------------------------------------
Number of strong binders: 2 Number of weak binders: 3
--------------------------------------------------------------------------------------------------------------------------------------------

# Allele: HLA-DPA10103-DPB10201
--------------------------------------------------------------------------------------------------------------------------------------------
 Pos                     MHC              Peptide   Of        Core  Core_Rel        Identity      Score_EL %Rank_EL Exp_Bind      Score_BA  Affinity(nM) %Rank_BA  BindLevel
--------------------------------------------------------------------------------------------------------------------------------------------
  54   HLA-DPA10103-DPB10201      PSFYVYSRVKNLNSS    3   YVYSRVKNL     0.960  YP_009724392.1      0.474055     1.10       NA      0.537915        148.36     3.63   <=SB
  53   HLA-DPA10103-DPB10201      KPSFYVYSRVKNLNS    4   YVYSRVKNL     0.893  YP_009724392.1      0.428985     1.33       NA      0.545639        136.47     3.32   <=SB
  52   HLA-DPA10103-DPB10201      VKPSFYVYSRVKNLN    5   YVYSRVKNL     0.860  YP_009724392.1      0.317932     2.11       NA      0.548008        133.01     3.23   <=WB
  55   HLA-DPA10103-DPB10201      SFYVYSRVKNLNSSR    2   YVYSRVKNL     0.893  YP_009724392.1      0.244260     2.92       NA      0.522055        176.14     4.38   <=WB
  49   HLA-DPA10103-DPB10201      VSLVKPSFYVYSRVK    3   VKPSFYVYS     0.793  YP_009724392.1      0.226609     3.20       NA      0.567130        108.15     2.54   <=WB
  48   HLA-DPA10103-DPB10201      NVSLVKPSFYVYSRV    3   LVKPSFYVY     0.440  YP_009724392.1      0.201195     3.67       NA      0.560423        116.29     2.78   <=WB
  47   HLA-DPA10103-DPB10201      VNVSLVKPSFYVYSR    4   LVKPSFYVY     0.513  YP_009724392.1      0.164926     4.50       NA      0.524611        171.33     4.25   <=WB
  51   HLA-DPA10103-DPB10201      LVKPSFYVYSRVKNL    6   YVYSRVKNL     0.567  YP_009724392.1      0.127121     5.83       NA      0.566118        109.34     2.58   <=WB
  50   HLA-DPA10103-DPB10201      SLVKPSFYVYSRVKN    2   VKPSFYVYS     0.647  YP_009724392.1      0.116510     6.33       NA      0.526200        168.41     4.17   <=WB
  56   HLA-DPA10103-DPB10201      FYVYSRVKNLNSSRV    1   YVYSRVKNL     0.687  YP_009724392.1      0.070238    10.00       NA      0.473660        297.34     7.40   <=WB
  18   HLA-DPA10103-DPB10201      LLFLAFVVFLLVTLA    3   LAFVVFLLV     0.980  YP_009724392.1      0.065192    10.67       NA      0.554284        124.28     2.99       
  46   HLA-DPA10103-DPB10201      IVNVSLVKPSFYVYS    5   LVKPSFYVY     0.667  YP_009724392.1      0.060856    11.31       NA      0.474127        295.84     7.36       
  17   HLA-DPA10103-DPB10201      VLLFLAFVVFLLVTL    4   LAFVVFLLV     0.993  YP_009724392.1      0.046579    14.26       NA      0.545922        136.05     3.31       
  16   HLA-DPA10103-DPB10201      SVLLFLAFVVFLLVT    5   LAFVVFLLV     0.980  YP_009724392.1      0.041516    15.70       NA      0.535635        152.07     3.73       
  19   HLA-DPA10103-DPB10201      LFLAFVVFLLVTLAI    2   LAFVVFLLV     0.947  YP_009724392.1      0.037196    17.14       NA      0.532048        158.09     3.89       
  57   HLA-DPA10103-DPB10201      YVYSRVKNLNSSRVP    3   SRVKNLNSS     0.393  YP_009724392.1      0.014386    34.76       NA      0.334229       1344.12    25.36       
  15   HLA-DPA10103-DPB10201      NSVLLFLAFVVFLLV    6   LAFVVFLLV     0.820  YP_009724392.1      0.012841    37.36       NA      0.492163        243.39     6.12       
   1   HLA-DPA10103-DPB10201      MYSFVSEETGTLIVN    3   FVSEETGTL     0.840  YP_009724392.1      0.011858    39.23       NA      0.392148        718.25    16.00       
  45   HLA-DPA10103-DPB10201      NIVNVSLVKPSFYVY    6   LVKPSFYVY     0.480  YP_009724392.1      0.010715    41.74       NA      0.416491        551.94    12.82       
  20   HLA-DPA10103-DPB10201      FLAFVVFLLVTLAIL    1   LAFVVFLLV     0.860  YP_009724392.1      0.010693    41.79       NA      0.491595        244.89     6.15       
  58   HLA-DPA10103-DPB10201      VYSRVKNLNSSRVPD    4   VKNLNSSRV     0.447  YP_009724392.1      0.008678    47.05       NA      0.227713       4255.53    50.98       
   2   HLA-DPA10103-DPB10201      YSFVSEETGTLIVNS    2   FVSEETGTL     0.587  YP_009724392.1      0.007438    51.22       NA      0.357334       1046.81    21.27       
  59   HLA-DPA10103-DPB10201      YSRVKNLNSSRVPDL    3   VKNLNSSRV     0.600  YP_009724392.1      0.006567    54.47       NA      0.247033       3452.78    45.65       
   3   HLA-DPA10103-DPB10201      SFVSEETGTLIVNSV    5   ETGTLIVNS     0.340  YP_009724392.1      0.004772    62.96       NA      0.305378       1836.57    31.24       
  60   HLA-DPA10103-DPB10201      SRVKNLNSSRVPDLL    2   VKNLNSSRV     0.387  YP_009724392.1      0.004631    63.71       NA      0.248958       3381.61    45.13       
  61   HLA-DPA10103-DPB10201      RVKNLNSSRVPDLLV    4   LNSSRVPDL     0.673  YP_009724392.1      0.004061    67.03       NA      0.276005       2523.66    38.05       
  44   HLA-DPA10103-DPB10201      CNIVNVSLVKPSFYV    3   VNVSLVKPS     0.493  YP_009724392.1      0.003502    70.58       NA      0.308073       1783.79    30.67       
   4   HLA-DPA10103-DPB10201      FVSEETGTLIVNSVL    4   ETGTLIVNS     0.560  YP_009724392.1      0.003415    71.21       NA      0.277308       2488.33    37.73       
   8   HLA-DPA10103-DPB10201      ETGTLIVNSVLLFLA    5   IVNSVLLFL     0.367  YP_009724392.1      0.003143    73.19       NA      0.348357       1153.59    22.80       
   9   HLA-DPA10103-DPB10201      TGTLIVNSVLLFLAF    4   IVNSVLLFL     0.447  YP_009724392.1      0.003130    73.28       NA      0.356038       1061.59    21.49       
  22   HLA-DPA10103-DPB10201      AFVVFLLVTLAILTA    4   FLLVTLAIL     0.633  YP_009724392.1      0.002929    74.75       NA      0.348582       1150.78    22.76       
   5   HLA-DPA10103-DPB10201      VSEETGTLIVNSVLL    3   ETGTLIVNS     0.613  YP_009724392.1      0.002834    75.50       NA      0.262790       2911.57    41.46       
  24   HLA-DPA10103-DPB10201      VVFLLVTLAILTALR    3   LLVTLAILT     0.347  YP_009724392.1      0.002828    75.55       NA      0.338680       1280.92    24.55       
  43   HLA-DPA10103-DPB10201      CCNIVNVSLVKPSFY    4   VNVSLVKPS     0.600  YP_009724392.1      0.002793    75.84       NA      0.288880       2195.49    34.95       
  10   HLA-DPA10103-DPB10201      GTLIVNSVLLFLAFV    3   IVNSVLLFL     0.553  YP_009724392.1      0.002725    76.41       NA      0.344740       1199.63    23.45       
  13   HLA-DPA10103-DPB10201      IVNSVLLFLAFVVFL    5   LLFLAFVVF     0.713  YP_009724392.1      0.002658    76.97       NA      0.337252       1300.87    24.80       
  21   HLA-DPA10103-DPB10201      LAFVVFLLVTLAILT    5   FLLVTLAIL     0.413  YP_009724392.1      0.002572    77.69       NA      0.384167        783.03    17.05       
  14   HLA-DPA10103-DPB10201      VNSVLLFLAFVVFLL    4   LLFLAFVVF     0.713  YP_009724392.1      0.002533    78.01       NA      0.368116        931.55    19.52       
  23   HLA-DPA10103-DPB10201      FVVFLLVTLAILTAL    3   FLLVTLAIL     0.580  YP_009724392.1      0.002446    78.74       NA      0.343279       1218.74    23.72       
   6   HLA-DPA10103-DPB10201      SEETGTLIVNSVLLF    2   ETGTLIVNS     0.307  YP_009724392.1      0.002307    79.90       NA      0.341094       1247.90    24.12       
  28   HLA-DPA10103-DPB10201      LVTLAILTALRLCAY    3   LAILTALRL     0.527  YP_009724392.1      0.002117    81.63       NA      0.383043        792.62    17.22       
   7   HLA-DPA10103-DPB10201      EETGTLIVNSVLLFL    6   IVNSVLLFL     0.187  YP_009724392.1      0.002020    82.52       NA      0.344898       1197.58    23.43       
  25   HLA-DPA10103-DPB10201      VFLLVTLAILTALRL    2   LLVTLAILT     0.193  YP_009724392.1      0.001846    84.12       NA      0.375288        861.99    18.41       
  42   HLA-DPA10103-DPB10201      YCCNIVNVSLVKPSF    5   VNVSLVKPS     0.587  YP_009724392.1      0.001758    84.93       NA      0.283759       2320.57    36.16       
  12   HLA-DPA10103-DPB10201      LIVNSVLLFLAFVVF    6   LLFLAFVVF     0.413  YP_009724392.1      0.001693    85.58       NA      0.336232       1315.30    24.98       
  29   HLA-DPA10103-DPB10201      VTLAILTALRLCAYC    2   LAILTALRL     0.573  YP_009724392.1      0.001677    85.74       NA      0.369769        915.03    19.27       
  27   HLA-DPA10103-DPB10201      LLVTLAILTALRLCA    4   LAILTALRL     0.647  YP_009724392.1      0.001629    86.22       NA      0.319858       1570.24    28.21       
  41   HLA-DPA10103-DPB10201      AYCCNIVNVSLVKPS    3   CNIVNVSLV     0.200  YP_009724392.1      0.001574    86.78       NA      0.287562       2227.02    35.26       
  11   HLA-DPA10103-DPB10201      TLIVNSVLLFLAFVV    2   IVNSVLLFL     0.400  YP_009724392.1      0.001515    87.37       NA      0.331678       1381.74    25.84       
  39   HLA-DPA10103-DPB10201      LCAYCCNIVNVSLVK    3   YCCNIVNVS     0.607  YP_009724392.1      0.001313    89.41       NA      0.287547       2227.38    35.27       
  40   HLA-DPA10103-DPB10201      CAYCCNIVNVSLVKP    2   YCCNIVNVS     0.400  YP_009724392.1      0.001282    89.73       NA      0.282696       2347.42    36.42       
  36   HLA-DPA10103-DPB10201      ALRLCAYCCNIVNVS    3   LCAYCCNIV     0.467  YP_009724392.1      0.000991    92.69       NA      0.311601       1716.98    29.93       
  34   HLA-DPA10103-DPB10201      LTALRLCAYCCNIVN    5   LCAYCCNIV     0.380  YP_009724392.1      0.000985    92.75       NA      0.325266       1481.00    27.11       
  26   HLA-DPA10103-DPB10201      FLLVTLAILTALRLC    5   LAILTALRL     0.587  YP_009724392.1      0.000982    92.78       NA      0.321947       1535.15    27.78       
  38   HLA-DPA10103-DPB10201      RLCAYCCNIVNVSLV    4   YCCNIVNVS     0.467  YP_009724392.1      0.000899    93.63       NA      0.301844       1908.16    31.99       
  35   HLA-DPA10103-DPB10201      TALRLCAYCCNIVNV    4   LCAYCCNIV     0.433  YP_009724392.1      0.000896    93.66       NA      0.318049       1601.28    28.58       
  37   HLA-DPA10103-DPB10201      LRLCAYCCNIVNVSL    2   LCAYCCNIV     0.393  YP_009724392.1      0.000847    94.15       NA      0.301456       1916.18    32.08       
  33   HLA-DPA10103-DPB10201      ILTALRLCAYCCNIV    6   LCAYCCNIV     0.227  YP_009724392.1      0.000729    95.00       NA      0.334392       1341.75    25.33       
  30   HLA-DPA10103-DPB10201      TLAILTALRLCAYCC    1   LAILTALRL     0.473  YP_009724392.1      0.000598    95.00       NA      0.344130       1207.57    23.57       
  31   HLA-DPA10103-DPB10201      LAILTALRLCAYCCN    3   LTALRLCAY     0.600  YP_009724392.1      0.000547    95.00       NA      0.327135       1451.35    26.73       
  32   HLA-DPA10103-DPB10201      AILTALRLCAYCCNI    2   LTALRLCAY     0.467  YP_009724392.1      0.000497    95.00       NA      0.313922       1674.40    29.44       
--------------------------------------------------------------------------------------------------------------------------------------------
Number of strong binders: 2 Number of weak binders: 8
--------------------------------------------------------------------------------------------------------------------------------------------

# Allele: HLA-DPA10103-DPB10301
--------------------------------------------------------------------------------------------------------------------------------------------
 Pos                     MHC              Peptide   Of        Core  Core_Rel        Identity      Score_EL %Rank_EL Exp_Bind      Score_BA  Affinity(nM) %Rank_BA  BindLevel
--------------------------------------------------------------------------------------------------------------------------------------------
  54   HLA-DPA10103-DPB10301      PSFYVYSRVKNLNSS    3   YVYSRVKNL     0.713  YP_009724392.1      0.093347    14.18       NA      0.351510       1114.90     9.06       
  53   HLA-DPA10103-DPB10301      KPSFYVYSRVKNLNS    4   YVYSRVKNL     0.673  YP_009724392.1      0.086951    15.05       NA      0.355641       1066.16     8.63       
  52   HLA-DPA10103-DPB10301      VKPSFYVYSRVKNLN    5   YVYSRVKNL     0.613  YP_009724392.1      0.059687    20.08       NA      0.340215       1259.82    10.34       
  55   HLA-DPA10103-DPB10301      SFYVYSRVKNLNSSR    2   YVYSRVKNL     0.507  YP_009724392.1      0.050523    22.61       NA      0.359167       1026.25     8.27       
   3   HLA-DPA10103-DPB10301      SFVSEETGTLIVNSV    4   EETGTLIVN     0.380  YP_009724392.1      0.035585    28.87       NA      0.200373       5720.36    43.88       
   4   HLA-DPA10103-DPB10301      FVSEETGTLIVNSVL    3   EETGTLIVN     0.347  YP_009724392.1      0.035022    29.19       NA      0.220114       4620.20    37.10       
  58   HLA-DPA10103-DPB10301      VYSRVKNLNSSRVPD    3   RVKNLNSSR     0.300  YP_009724392.1      0.031929    31.13       NA      0.239130       3761.02    31.12       
  57   HLA-DPA10103-DPB10301      YVYSRVKNLNSSRVP    3   SRVKNLNSS     0.300  YP_009724392.1      0.030462    32.10       NA      0.282893       2342.42    19.94       
   5   HLA-DPA10103-DPB10301      VSEETGTLIVNSVLL    2   EETGTLIVN     0.287  YP_009724392.1      0.027922    33.96       NA      0.232967       4020.36    32.93       
  56   HLA-DPA10103-DPB10301      FYVYSRVKNLNSSRV    4   SRVKNLNSS     0.220  YP_009724392.1      0.027306    34.46       NA      0.353357       1092.84     8.87       
  51   HLA-DPA10103-DPB10301      LVKPSFYVYSRVKNL    6   YVYSRVKNL     0.427  YP_009724392.1      0.026969    34.73       NA      0.334937       1333.86    11.01       
   2   HLA-DPA10103-DPB10301      YSFVSEETGTLIVNS    5   EETGTLIVN     0.353  YP_009724392.1      0.021362    40.22       NA      0.202929       5564.33    42.94       
  59   HLA-DPA10103-DPB10301      YSRVKNLNSSRVPDL    3   VKNLNSSRV     0.373  YP_009724392.1      0.016801    46.25       NA      0.216947       4781.26    38.12       
  50   HLA-DPA10103-DPB10301      SLVKPSFYVYSRVKN    2   VKPSFYVYS     0.353  YP_009724392.1      0.013288    52.51       NA      0.288665       2200.60    18.71       
  35   HLA-DPA10103-DPB10301      TALRLCAYCCNIVNV    2   LRLCAYCCN     0.347  YP_009724392.1      0.012441    54.22       NA      0.281563       2376.37    20.24       
  49   HLA-DPA10103-DPB10301      VSLVKPSFYVYSRVK    3   VKPSFYVYS     0.753  YP_009724392.1      0.012295    54.52       NA      0.294389       2068.45    17.56       
   6   HLA-DPA10103-DPB10301      SEETGTLIVNSVLLF    1   EETGTLIVN     0.187  YP_009724392.1      0.011483    56.42       NA      0.224060       4427.09    35.83       
  34   HLA-DPA10103-DPB10301      LTALRLCAYCCNIVN    3   LRLCAYCCN     0.373  YP_009724392.1      0.011023    57.56       NA      0.280908       2393.27    20.38       
  45   HLA-DPA10103-DPB10301      NIVNVSLVKPSFYVY    2   VNVSLVKPS     0.613  YP_009724392.1      0.009535    61.46       NA      0.285776       2270.48    19.32       
  48   HLA-DPA10103-DPB10301      NVSLVKPSFYVYSRV    4   VKPSFYVYS     0.540  YP_009724392.1      0.008039    65.94       NA      0.271691       2644.25    22.42       
  36   HLA-DPA10103-DPB10301      ALRLCAYCCNIVNVS    1   LRLCAYCCN     0.247  YP_009724392.1      0.007644    67.27       NA      0.272468       2622.11    22.25       
   1   HLA-DPA10103-DPB10301      MYSFVSEETGTLIVN    3   FVSEETGTL     0.620  YP_009724392.1      0.007576    67.49       NA      0.210734       5113.72    40.22       
  47   HLA-DPA10103-DPB10301      VNVSLVKPSFYVYSR    5   VKPSFYVYS     0.340  YP_009724392.1      0.007330    68.32       NA      0.265229       2835.74    24.01       
  46   HLA-DPA10103-DPB10301      IVNVSLVKPSFYVYS    3   VSLVKPSFY     0.467  YP_009724392.1      0.007230    68.65       NA      0.282286       2357.85    20.08       
  60   HLA-DPA10103-DPB10301      SRVKNLNSSRVPDLL    2   VKNLNSSRV     0.387  YP_009724392.1      0.007024    69.34       NA      0.192107       6255.54    47.00       
  44   HLA-DPA10103-DPB10301      CNIVNVSLVKPSFYV    3   VNVSLVKPS     0.660  YP_009724392.1      0.006857    69.90       NA      0.270483       2679.04    22.69       
  43   HLA-DPA10103-DPB10301      CCNIVNVSLVKPSFY    4   VNVSLVKPS     0.707  YP_009724392.1      0.004905    77.71       NA      0.242376       3631.22    30.13       
  61   HLA-DPA10103-DPB10301      RVKNLNSSRVPDLLV    4   LNSSRVPDL     0.447  YP_009724392.1      0.004704    78.58       NA      0.196931       5937.41    45.13       
  33   HLA-DPA10103-DPB10301      ILTALRLCAYCCNIV    4   LRLCAYCCN     0.373  YP_009724392.1      0.003884    82.35       NA      0.269019       2721.81    23.02       
  42   HLA-DPA10103-DPB10301      YCCNIVNVSLVKPSF    5   VNVSLVKPS     0.720  YP_009724392.1      0.003170    85.79       NA      0.227673       4257.37    34.64       
  41   HLA-DPA10103-DPB10301      AYCCNIVNVSLVKPS    6   VNVSLVKPS     0.367  YP_009724392.1      0.002112    91.18       NA      0.220451       4603.39    36.99       
  24   HLA-DPA10103-DPB10301      VVFLLVTLAILTALR    3   LLVTLAILT     0.487  YP_009724392.1      0.001998    91.76       NA      0.293198       2095.28    17.79       
  28   HLA-DPA10103-DPB10301      LVTLAILTALRLCAY    3   LAILTALRL     0.400  YP_009724392.1      0.001837    92.59       NA      0.291121       2142.90    18.20       
  32   HLA-DPA10103-DPB10301      AILTALRLCAYCCNI    5   LRLCAYCCN     0.273  YP_009724392.1      0.001825    92.65       NA      0.255544       3149.03    26.46       
  22   HLA-DPA10103-DPB10301      AFVVFLLVTLAILTA    4   FLLVTLAIL     0.380  YP_009724392.1      0.001807    92.75       NA      0.236385       3874.40    31.92       
  23   HLA-DPA10103-DPB10301      FVVFLLVTLAILTAL    3   FLLVTLAIL     0.367  YP_009724392.1      0.001756    93.01       NA      0.248162       3410.86    28.50       
  25   HLA-DPA10103-DPB10301      VFLLVTLAILTALRL    2   LLVTLAILT     0.327  YP_009724392.1      0.001685    93.38       NA      0.291732       2128.78    18.07       
  29   HLA-DPA10103-DPB10301      VTLAILTALRLCAYC    2   LAILTALRL     0.460  YP_009724392.1      0.001606    93.78       NA      0.283560       2325.57    19.80       
  27   HLA-DPA10103-DPB10301      LLVTLAILTALRLCA    4   LAILTALRL     0.420  YP_009724392.1      0.001553    94.06       NA      0.261443       2954.32    24.90       
  39   HLA-DPA10103-DPB10301      LCAYCCNIVNVSLVK    3   YCCNIVNVS     0.633  YP_009724392.1      0.001531    94.17       NA      0.219272       4662.49    37.37       
  40   HLA-DPA10103-DPB10301      CAYCCNIVNVSLVKP    2   YCCNIVNVS     0.487  YP_009724392.1      0.001219    95.00       NA      0.210064       5150.93    40.44       
   7   HLA-DPA10103-DPB10301      EETGTLIVNSVLLFL    1   ETGTLIVNS     0.367  YP_009724392.1      0.001163    95.00       NA      0.211060       5095.72    40.10       
  26   HLA-DPA10103-DPB10301      FLLVTLAILTALRLC    5   LAILTALRL     0.253  YP_009724392.1      0.001119    95.00       NA      0.258222       3059.09    25.75       
  21   HLA-DPA10103-DPB10301      LAFVVFLLVTLAILT    6   LLVTLAILT     0.213  YP_009724392.1      0.001086    95.00       NA      0.212796       5000.90    39.52       
   8   HLA-DPA10103-DPB10301      ETGTLIVNSVLLFLA    4   LIVNSVLLF     0.353  YP_009724392.1      0.000905    95.00       NA      0.191104       6323.80    47.39       
  37   HLA-DPA10103-DPB10301      LRLCAYCCNIVNVSL    5   YCCNIVNVS     0.373  YP_009724392.1      0.000801    95.00       NA      0.253609       3215.65    26.98       
  38   HLA-DPA10103-DPB10301      RLCAYCCNIVNVSLV    4   YCCNIVNVS     0.560  YP_009724392.1      0.000741    95.00       NA      0.225280       4369.04    35.42       
   9   HLA-DPA10103-DPB10301      TGTLIVNSVLLFLAF    3   LIVNSVLLF     0.400  YP_009724392.1      0.000729    95.00       NA      0.175874       7456.64    53.48       
  31   HLA-DPA10103-DPB10301      LAILTALRLCAYCCN    6   LRLCAYCCN     0.240  YP_009724392.1      0.000665    95.00       NA      0.241313       3673.22    30.45       
  10   HLA-DPA10103-DPB10301      GTLIVNSVLLFLAFV    4   VNSVLLFLA     0.307  YP_009724392.1      0.000617    95.00       NA      0.165524       8340.22    57.67       
  19   HLA-DPA10103-DPB10301      LFLAFVVFLLVTLAI    2   LAFVVFLLV     0.293  YP_009724392.1      0.000612    95.00       NA      0.206442       5356.80    41.73       
  30   HLA-DPA10103-DPB10301      TLAILTALRLCAYCC    1   LAILTALRL     0.447  YP_009724392.1      0.000606    95.00       NA      0.257529       3082.12    25.93       
  20   HLA-DPA10103-DPB10301      FLAFVVFLLVTLAIL    5   VFLLVTLAI     0.147  YP_009724392.1      0.000600    95.00       NA      0.205532       5409.80    42.06       
  18   HLA-DPA10103-DPB10301      LLFLAFVVFLLVTLA    3   LAFVVFLLV     0.447  YP_009724392.1      0.000590    95.00       NA      0.212984       4990.74    39.46       
  16   HLA-DPA10103-DPB10301      SVLLFLAFVVFLLVT    5   LAFVVFLLV     0.380  YP_009724392.1      0.000546    95.00       NA      0.206844       5333.55    41.58       
  17   HLA-DPA10103-DPB10301      VLLFLAFVVFLLVTL    4   LAFVVFLLV     0.413  YP_009724392.1      0.000543    95.00       NA      0.213093       4984.85    39.43       
  11   HLA-DPA10103-DPB10301      TLIVNSVLLFLAFVV    3   VNSVLLFLA     0.387  YP_009724392.1      0.000453    95.00       NA      0.160232       8831.71    59.82       
  13   HLA-DPA10103-DPB10301      IVNSVLLFLAFVVFL    4   VLLFLAFVV     0.367  YP_009724392.1      0.000413    95.00       NA      0.158651       8984.08    60.47       
  12   HLA-DPA10103-DPB10301      LIVNSVLLFLAFVVF    2   VNSVLLFLA     0.233  YP_009724392.1      0.000396    95.00       NA      0.157624       9084.47    60.89       
  15   HLA-DPA10103-DPB10301      NSVLLFLAFVVFLLV    5   FLAFVVFLL     0.240  YP_009724392.1      0.000360    95.00       NA      0.198402       5843.66    44.59       
  14   HLA-DPA10103-DPB10301      VNSVLLFLAFVVFLL    3   VLLFLAFVV     0.320  YP_009724392.1      0.000318    95.00       NA      0.178893       7217.01    52.26       
--------------------------------------------------------------------------------------------------------------------------------------------
Number of strong binders: 0 Number of weak binders: 0
--------------------------------------------------------------------------------------------------------------------------------------------

# Allele: HLA-DPA10103-DPB10401
--------------------------------------------------------------------------------------------------------------------------------------------
 Pos                     MHC              Peptide   Of        Core  Core_Rel        Identity      Score_EL %Rank_EL Exp_Bind      Score_BA  Affinity(nM) %Rank_BA  BindLevel
--------------------------------------------------------------------------------------------------------------------------------------------
  54   HLA-DPA10103-DPB10401      PSFYVYSRVKNLNSS    3   YVYSRVKNL     0.947  YP_009724392.1      0.209772     1.17       NA      0.452564        373.58     6.05   <=SB
  53   HLA-DPA10103-DPB10401      KPSFYVYSRVKNLNS    4   YVYSRVKNL     0.900  YP_009724392.1      0.193260     1.29       NA      0.467208        318.84     5.20   <=SB
  52   HLA-DPA10103-DPB10401      VKPSFYVYSRVKNLN    5   YVYSRVKNL     0.873  YP_009724392.1      0.130952     2.03       NA      0.470381        308.08     5.03   <=WB
  55   HLA-DPA10103-DPB10401      SFYVYSRVKNLNSSR    2   YVYSRVKNL     0.887  YP_009724392.1      0.067977     3.78       NA      0.433030        461.50     7.31   <=WB
  49   HLA-DPA10103-DPB10401      VSLVKPSFYVYSRVK    3   VKPSFYVYS     0.760  YP_009724392.1      0.039030     6.44       NA      0.469370        311.47     5.08   <=WB
  51   HLA-DPA10103-DPB10401      LVKPSFYVYSRVKNL    6   YVYSRVKNL     0.727  YP_009724392.1      0.036930     6.78       NA      0.477053        286.62     4.68   <=WB
  48   HLA-DPA10103-DPB10401      NVSLVKPSFYVYSRV    3   LVKPSFYVY     0.473  YP_009724392.1      0.036183     6.91       NA      0.470279        308.42     5.03   <=WB
  47   HLA-DPA10103-DPB10401      VNVSLVKPSFYVYSR    4   LVKPSFYVY     0.507  YP_009724392.1      0.030802     8.03       NA      0.440987        423.43     6.78   <=WB
  18   HLA-DPA10103-DPB10401      LLFLAFVVFLLVTLA    3   LAFVVFLLV     0.953  YP_009724392.1      0.019888    12.18       NA      0.495880        233.80     3.80       
  50   HLA-DPA10103-DPB10401      SLVKPSFYVYSRVKN    2   VKPSFYVYS     0.520  YP_009724392.1      0.018215    13.19       NA      0.427003        492.60     7.75       
  17   HLA-DPA10103-DPB10401      VLLFLAFVVFLLVTL    4   LAFVVFLLV     0.973  YP_009724392.1      0.016755    14.20       NA      0.492643        242.13     3.94       
   1   HLA-DPA10103-DPB10401      MYSFVSEETGTLIVN    3   FVSEETGTL     0.933  YP_009724392.1      0.016719    14.23       NA      0.385853        768.88    11.51       
  16   HLA-DPA10103-DPB10401      SVLLFLAFVVFLLVT    5   LAFVVFLLV     0.973  YP_009724392.1      0.016580    14.34       NA      0.489342        250.94     4.09       
  56   HLA-DPA10103-DPB10401      FYVYSRVKNLNSSRV    1   YVYSRVKNL     0.607  YP_009724392.1      0.014522    16.07       NA      0.389808        736.67    11.08       
  19   HLA-DPA10103-DPB10401      LFLAFVVFLLVTLAI    2   LAFVVFLLV     0.947  YP_009724392.1      0.013751    16.89       NA      0.473542        297.72     4.86       
  46   HLA-DPA10103-DPB10401      IVNVSLVKPSFYVYS    5   LVKPSFYVY     0.573  YP_009724392.1      0.013347    17.33       NA      0.416140        554.04     8.63       
   2   HLA-DPA10103-DPB10401      YSFVSEETGTLIVNS    2   FVSEETGTL     0.820  YP_009724392.1      0.006997    29.33       NA      0.344795       1198.92    16.52       
  15   HLA-DPA10103-DPB10401      NSVLLFLAFVVFLLV    6   LAFVVFLLV     0.707  YP_009724392.1      0.006984    29.37       NA      0.464338        328.90     5.37       
  20   HLA-DPA10103-DPB10401      FLAFVVFLLVTLAIL    1   LAFVVFLLV     0.840  YP_009724392.1      0.006024    32.64       NA      0.433964        456.86     7.25       
  45   HLA-DPA10103-DPB10401      NIVNVSLVKPSFYVY    6   LVKPSFYVY     0.333  YP_009724392.1      0.005937    32.96       NA      0.380172        817.62    12.14       
  58   HLA-DPA10103-DPB10401      VYSRVKNLNSSRVPD    4   VKNLNSSRV     0.700  YP_009724392.1      0.005897    33.11       NA      0.198166       5858.60    48.48       
  59   HLA-DPA10103-DPB10401      YSRVKNLNSSRVPDL    3   VKNLNSSRV     0.727  YP_009724392.1      0.004840    37.81       NA      0.214753       4896.12    43.65       
  57   HLA-DPA10103-DPB10401      YVYSRVKNLNSSRVP    5   VKNLNSSRV     0.367  YP_009724392.1      0.004148    41.65       NA      0.271921       2637.68    29.27       
   8   HLA-DPA10103-DPB10401      ETGTLIVNSVLLFLA    4   LIVNSVLLF     0.653  YP_009724392.1      0.003613    45.24       NA      0.327609       1443.93    19.05       
   9   HLA-DPA10103-DPB10401      TGTLIVNSVLLFLAF    3   LIVNSVLLF     0.587  YP_009724392.1      0.002905    51.17       NA      0.337941       1291.21    17.49       
  13   HLA-DPA10103-DPB10401      IVNSVLLFLAFVVFL    5   LLFLAFVVF     0.747  YP_009724392.1      0.002772    52.46       NA      0.312108       1707.59    21.63       
  14   HLA-DPA10103-DPB10401      VNSVLLFLAFVVFLL    4   LLFLAFVVF     0.793  YP_009724392.1      0.002524    54.85       NA      0.336777       1307.57    17.65       
  60   HLA-DPA10103-DPB10401      SRVKNLNSSRVPDLL    2   VKNLNSSRV     0.520  YP_009724392.1      0.002523    54.86       NA      0.213658       4954.47    43.95       
   7   HLA-DPA10103-DPB10401      EETGTLIVNSVLLFL    5   LIVNSVLLF     0.633  YP_009724392.1      0.002033    60.75       NA      0.311838       1712.59    21.67       
  12   HLA-DPA10103-DPB10401      LIVNSVLLFLAFVVF    6   LLFLAFVVF     0.513  YP_009724392.1      0.001993    61.31       NA      0.310846       1731.07    21.84       
   6   HLA-DPA10103-DPB10401      SEETGTLIVNSVLLF    6   LIVNSVLLF     0.520  YP_009724392.1      0.001626    66.60       NA      0.305913       1825.97    22.70       
  61   HLA-DPA10103-DPB10401      RVKNLNSSRVPDLLV    4   LNSSRVPDL     0.533  YP_009724392.1      0.001527    68.17       NA      0.236035       3889.10    37.83       
   3   HLA-DPA10103-DPB10401      SFVSEETGTLIVNSV    1   FVSEETGTL     0.467  YP_009724392.1      0.001449    69.41       NA      0.281089       2388.59    27.39       
  28   HLA-DPA10103-DPB10401      LVTLAILTALRLCAY    3   LAILTALRL     0.613  YP_009724392.1      0.001336    71.40       NA      0.371390        899.12    13.14       
  10   HLA-DPA10103-DPB10401      GTLIVNSVLLFLAFV    3   IVNSVLLFL     0.380  YP_009724392.1      0.001333    71.45       NA      0.313516       1681.77    21.39       
  44   HLA-DPA10103-DPB10401      CNIVNVSLVKPSFYV    5   VSLVKPSFY     0.327  YP_009724392.1      0.001323    71.64       NA      0.279547       2428.77    27.69       
  27   HLA-DPA10103-DPB10401      LLVTLAILTALRLCA    4   LAILTALRL     0.700  YP_009724392.1      0.001087    76.11       NA      0.301413       1917.08    23.53       
  29   HLA-DPA10103-DPB10401      VTLAILTALRLCAYC    2   LAILTALRL     0.673  YP_009724392.1      0.001055    76.79       NA      0.356182       1059.94    15.00       
  43   HLA-DPA10103-DPB10401      CCNIVNVSLVKPSFY    4   VNVSLVKPS     0.420  YP_009724392.1      0.001000    77.94       NA      0.254999       3167.65    33.11       
  25   HLA-DPA10103-DPB10401      VFLLVTLAILTALRL    6   LAILTALRL     0.560  YP_009724392.1      0.000986    78.24       NA      0.349184       1143.31    15.92       
   5   HLA-DPA10103-DPB10401      VSEETGTLIVNSVLL    6   TLIVNSVLL     0.180  YP_009724392.1      0.000986    78.24       NA      0.224205       4420.15    40.99       
  22   HLA-DPA10103-DPB10401      AFVVFLLVTLAILTA    4   FLLVTLAIL     0.693  YP_009724392.1      0.000982    78.32       NA      0.296732       2016.67    24.39       
  21   HLA-DPA10103-DPB10401      LAFVVFLLVTLAILT    5   FLLVTLAIL     0.553  YP_009724392.1      0.000882    80.45       NA      0.324533       1492.79    19.55       
  24   HLA-DPA10103-DPB10401      VVFLLVTLAILTALR    2   FLLVTLAIL     0.347  YP_009724392.1      0.000792    82.50       NA      0.302107       1902.73    23.40       
  23   HLA-DPA10103-DPB10401      FVVFLLVTLAILTAL    3   FLLVTLAIL     0.607  YP_009724392.1      0.000755    83.34       NA      0.301520       1914.86    23.51       
  11   HLA-DPA10103-DPB10401      TLIVNSVLLFLAFVV    3   VNSVLLFLA     0.187  YP_009724392.1      0.000731    83.89       NA      0.293073       2098.11    25.03       
  26   HLA-DPA10103-DPB10401      FLLVTLAILTALRLC    5   LAILTALRL     0.693  YP_009724392.1      0.000620    86.56       NA      0.292031       2121.90    25.22       
   4   HLA-DPA10103-DPB10401      FVSEETGTLIVNSVL    4   ETGTLIVNS     0.447  YP_009724392.1      0.000520    89.07       NA      0.231199       4098.01    39.13       
  42   HLA-DPA10103-DPB10401      YCCNIVNVSLVKPSF    5   VNVSLVKPS     0.393  YP_009724392.1      0.000500    89.57       NA      0.248291       3406.11    34.74       
  41   HLA-DPA10103-DPB10401      AYCCNIVNVSLVKPS    3   CNIVNVSLV     0.240  YP_009724392.1      0.000477    90.15       NA      0.247562       3433.08    34.92       
  30   HLA-DPA10103-DPB10401      TLAILTALRLCAYCC    1   LAILTALRL     0.587  YP_009724392.1      0.000407    91.95       NA      0.331016       1391.67    18.52       
  34   HLA-DPA10103-DPB10401      LTALRLCAYCCNIVN    3   LRLCAYCCN     0.480  YP_009724392.1      0.000389    92.41       NA      0.280528       2403.13    27.50       
  33   HLA-DPA10103-DPB10401      ILTALRLCAYCCNIV    4   LRLCAYCCN     0.400  YP_009724392.1      0.000359    93.18       NA      0.292757       2105.30    25.09       
  40   HLA-DPA10103-DPB10401      CAYCCNIVNVSLVKP    4   CNIVNVSLV     0.333  YP_009724392.1      0.000345    93.54       NA      0.242240       3636.57    36.24       
  35   HLA-DPA10103-DPB10401      TALRLCAYCCNIVNV    4   LCAYCCNIV     0.340  YP_009724392.1      0.000320    94.18       NA      0.271194       2658.51    29.43       
  39   HLA-DPA10103-DPB10401      LCAYCCNIVNVSLVK    3   YCCNIVNVS     0.540  YP_009724392.1      0.000306    94.54       NA      0.246880       3458.50    35.08       
  32   HLA-DPA10103-DPB10401      AILTALRLCAYCCNI    2   LTALRLCAY     0.573  YP_009724392.1      0.000267    95.00       NA      0.285928       2266.75    26.39       
  36   HLA-DPA10103-DPB10401      ALRLCAYCCNIVNVS    3   LCAYCCNIV     0.427  YP_009724392.1      0.000266    95.00       NA      0.263587       2886.57    31.12       
  31   HLA-DPA10103-DPB10401      LAILTALRLCAYCCN    3   LTALRLCAY     0.647  YP_009724392.1      0.000263    95.00       NA      0.307204       1800.64    22.47       
  38   HLA-DPA10103-DPB10401      RLCAYCCNIVNVSLV    4   YCCNIVNVS     0.427  YP_009724392.1      0.000196    95.00       NA      0.253745       3210.92    33.42       
  37   HLA-DPA10103-DPB10401      LRLCAYCCNIVNVSL    2   LCAYCCNIV     0.300  YP_009724392.1      0.000192    95.00       NA      0.256117       3129.56    32.85       
--------------------------------------------------------------------------------------------------------------------------------------------
Number of strong binders: 2 Number of weak binders: 6
--------------------------------------------------------------------------------------------------------------------------------------------

# Allele: HLA-DPA10103-DPB10402
--------------------------------------------------------------------------------------------------------------------------------------------
 Pos                     MHC              Peptide   Of        Core  Core_Rel        Identity      Score_EL %Rank_EL Exp_Bind      Score_BA  Affinity(nM) %Rank_BA  BindLevel
--------------------------------------------------------------------------------------------------------------------------------------------
  54   HLA-DPA10103-DPB10402      PSFYVYSRVKNLNSS    3   YVYSRVKNL     0.933  YP_009724392.1      0.152852     0.93       NA      0.389070        742.58     4.00   <=SB
  53   HLA-DPA10103-DPB10402      KPSFYVYSRVKNLNS    4   YVYSRVKNL     0.873  YP_009724392.1      0.130523     1.19       NA      0.395943        689.36     3.59   <=SB
  52   HLA-DPA10103-DPB10402      VKPSFYVYSRVKNLN    5   YVYSRVKNL     0.760  YP_009724392.1      0.084873     2.21       NA      0.395191        694.99     3.64   <=WB
  55   HLA-DPA10103-DPB10402      SFYVYSRVKNLNSSR    2   YVYSRVKNL     0.780  YP_009724392.1      0.059964     3.41       NA      0.388941        743.61     4.01   <=WB
  49   HLA-DPA10103-DPB10402      VSLVKPSFYVYSRVK    3   VKPSFYVYS     0.867  YP_009724392.1      0.047829     4.49       NA      0.423424        512.05     2.29   <=WB
  48   HLA-DPA10103-DPB10402      NVSLVKPSFYVYSRV    3   LVKPSFYVY     0.347  YP_009724392.1      0.038185     5.93       NA      0.412433        576.71     2.74   <=WB
  47   HLA-DPA10103-DPB10402      VNVSLVKPSFYVYSR    4   LVKPSFYVY     0.420  YP_009724392.1      0.029144     8.25       NA      0.382062        801.07     4.47   <=WB
  51   HLA-DPA10103-DPB10402      LVKPSFYVYSRVKNL    6   YVYSRVKNL     0.513  YP_009724392.1      0.026938     9.05       NA      0.411630        581.75     2.78   <=WB
  56   HLA-DPA10103-DPB10402      FYVYSRVKNLNSSRV    1   YVYSRVKNL     0.513  YP_009724392.1      0.021152    12.07       NA      0.367524        937.53     5.64       
  50   HLA-DPA10103-DPB10402      SLVKPSFYVYSRVKN    2   VKPSFYVYS     0.620  YP_009724392.1      0.017008    15.49       NA      0.391037        726.94     3.89       
  18   HLA-DPA10103-DPB10402      LLFLAFVVFLLVTLA    3   LAFVVFLLV     0.940  YP_009724392.1      0.014215    18.74       NA      0.359044       1027.62     6.40       
  17   HLA-DPA10103-DPB10402      VLLFLAFVVFLLVTL    4   LAFVVFLLV     0.947  YP_009724392.1      0.011821    22.61       NA      0.352945       1097.72     7.01       
  16   HLA-DPA10103-DPB10402      SVLLFLAFVVFLLVT    5   LAFVVFLLV     0.947  YP_009724392.1      0.011489    23.25       NA      0.346314       1179.37     7.70       
  19   HLA-DPA10103-DPB10402      LFLAFVVFLLVTLAI    2   LAFVVFLLV     0.907  YP_009724392.1      0.010741    24.78       NA      0.338129       1288.58     8.66       
  46   HLA-DPA10103-DPB10402      IVNVSLVKPSFYVYS    5   LVKPSFYVY     0.473  YP_009724392.1      0.010286    25.78       NA      0.345736       1186.77     7.76       
  57   HLA-DPA10103-DPB10402      YVYSRVKNLNSSRVP    2   YSRVKNLNS     0.440  YP_009724392.1      0.009472    27.76       NA      0.275587       2535.10    19.08       
   1   HLA-DPA10103-DPB10402      MYSFVSEETGTLIVN    3   FVSEETGTL     0.873  YP_009724392.1      0.007162    34.86       NA      0.300603       1933.95    14.16       
  58   HLA-DPA10103-DPB10402      VYSRVKNLNSSRVPD    4   VKNLNSSRV     0.593  YP_009724392.1      0.006222    38.59       NA      0.211928       5048.09    36.59       
  45   HLA-DPA10103-DPB10402      NIVNVSLVKPSFYVY    6   LVKPSFYVY     0.260  YP_009724392.1      0.005507    41.99       NA      0.312995       1691.28    12.07       
  59   HLA-DPA10103-DPB10402      YSRVKNLNSSRVPDL    3   VKNLNSSRV     0.707  YP_009724392.1      0.005295    43.11       NA      0.200037       5741.19    40.68       
  15   HLA-DPA10103-DPB10402      NSVLLFLAFVVFLLV    6   LAFVVFLLV     0.673  YP_009724392.1      0.004566    47.33       NA      0.325861       1471.50    10.19       
   2   HLA-DPA10103-DPB10402      YSFVSEETGTLIVNS    2   FVSEETGTL     0.627  YP_009724392.1      0.003731    53.16       NA      0.269388       2710.96    20.46       
  20   HLA-DPA10103-DPB10402      FLAFVVFLLVTLAIL    1   LAFVVFLLV     0.693  YP_009724392.1      0.003455    55.28       NA      0.305217       1839.77    13.36       
  60   HLA-DPA10103-DPB10402      SRVKNLNSSRVPDLL    2   VKNLNSSRV     0.607  YP_009724392.1      0.002825    60.99       NA      0.178189       7272.19    48.73       
  44   HLA-DPA10103-DPB10402      CNIVNVSLVKPSFYV    3   VNVSLVKPS     0.493  YP_009724392.1      0.002389    65.43       NA      0.263287       2895.96    21.84       
   3   HLA-DPA10103-DPB10402      SFVSEETGTLIVNSV    5   ETGTLIVNS     0.380  YP_009724392.1      0.002266    66.84       NA      0.225046       4380.12    32.30       
  43   HLA-DPA10103-DPB10402      CCNIVNVSLVKPSFY    4   VNVSLVKPS     0.580  YP_009724392.1      0.001793    72.71       NA      0.244119       3563.38    26.73       
   4   HLA-DPA10103-DPB10402      FVSEETGTLIVNSVL    4   ETGTLIVNS     0.520  YP_009724392.1      0.001647    74.70       NA      0.200918       5686.73    40.36       
   5   HLA-DPA10103-DPB10402      VSEETGTLIVNSVLL    3   ETGTLIVNS     0.553  YP_009724392.1      0.001425    78.05       NA      0.197652       5891.27    41.54       
  29   HLA-DPA10103-DPB10402      VTLAILTALRLCAYC    2   LAILTALRL     0.480  YP_009724392.1      0.001253    80.73       NA      0.314551       1663.05    11.83       
  28   HLA-DPA10103-DPB10402      LVTLAILTALRLCAY    3   LAILTALRL     0.453  YP_009724392.1      0.001189    81.79       NA      0.319875       1569.95    11.02       
  61   HLA-DPA10103-DPB10402      RVKNLNSSRVPDLLV    4   LNSSRVPDL     0.413  YP_009724392.1      0.001120    82.93       NA      0.196190       5985.21    42.07       
   8   HLA-DPA10103-DPB10402      ETGTLIVNSVLLFLA    4   LIVNSVLLF     0.573  YP_009724392.1      0.001043    84.21       NA      0.247003       3453.90    25.93       
  42   HLA-DPA10103-DPB10402      YCCNIVNVSLVKPSF    5   VNVSLVKPS     0.553  YP_009724392.1      0.001021    84.57       NA      0.236463       3871.13    28.87       
   9   HLA-DPA10103-DPB10402      TGTLIVNSVLLFLAF    3   LIVNSVLLF     0.480  YP_009724392.1      0.001010    84.75       NA      0.248870       3384.83    25.42       
   6   HLA-DPA10103-DPB10402      SEETGTLIVNSVLLF    2   ETGTLIVNS     0.380  YP_009724392.1      0.001008    84.78       NA      0.243580       3584.22    26.88       
  27   HLA-DPA10103-DPB10402      LLVTLAILTALRLCA    4   LAILTALRL     0.580  YP_009724392.1      0.000906    86.57       NA      0.268552       2735.60    20.64       
  24   HLA-DPA10103-DPB10402      VVFLLVTLAILTALR    3   LLVTLAILT     0.373  YP_009724392.1      0.000786    88.68       NA      0.253988       3202.49    24.10       
  25   HLA-DPA10103-DPB10402      VFLLVTLAILTALRL    6   LAILTALRL     0.353  YP_009724392.1      0.000698    90.24       NA      0.287246       2234.65    16.66       
  41   HLA-DPA10103-DPB10402      AYCCNIVNVSLVKPS    6   VNVSLVKPS     0.300  YP_009724392.1      0.000692    90.35       NA      0.230975       4107.95    30.46       
   7   HLA-DPA10103-DPB10402      EETGTLIVNSVLLFL    5   LIVNSVLLF     0.553  YP_009724392.1      0.000640    91.31       NA      0.237618       3823.05    28.54       
  10   HLA-DPA10103-DPB10402      GTLIVNSVLLFLAFV    3   IVNSVLLFL     0.460  YP_009724392.1      0.000634    91.42       NA      0.234306       3962.54    29.49       
  26   HLA-DPA10103-DPB10402      FLLVTLAILTALRLC    5   LAILTALRL     0.520  YP_009724392.1      0.000576    92.48       NA      0.247584       3432.26    25.77       
  22   HLA-DPA10103-DPB10402      AFVVFLLVTLAILTA    4   FLLVTLAIL     0.593  YP_009724392.1      0.000522    93.47       NA      0.223240       4466.55    32.90       
  31   HLA-DPA10103-DPB10402      LAILTALRLCAYCCN    3   LTALRLCAY     0.593  YP_009724392.1      0.000521    93.49       NA      0.284543       2300.97    17.20       
  21   HLA-DPA10103-DPB10402      LAFVVFLLVTLAILT    0   LAFVVFLLV     0.087  YP_009724392.1      0.000517    93.57       NA      0.233829       3983.04    29.63       
  30   HLA-DPA10103-DPB10402      TLAILTALRLCAYCC    4   LTALRLCAY     0.340  YP_009724392.1      0.000509    93.71       NA      0.295052       2053.66    15.17       
  14   HLA-DPA10103-DPB10402      VNSVLLFLAFVVFLL    4   LLFLAFVVF     0.607  YP_009724392.1      0.000474    94.36       NA      0.232901       4023.23    29.89       
  23   HLA-DPA10103-DPB10402      FVVFLLVTLAILTAL    3   FLLVTLAIL     0.513  YP_009724392.1      0.000471    94.41       NA      0.230697       4120.33    30.54       
  13   HLA-DPA10103-DPB10402      IVNSVLLFLAFVVFL    5   LLFLAFVVF     0.560  YP_009724392.1      0.000421    95.00       NA      0.212208       5032.82    36.50       
  34   HLA-DPA10103-DPB10402      LTALRLCAYCCNIVN    3   LRLCAYCCN     0.413  YP_009724392.1      0.000394    95.00       NA      0.251668       3283.90    24.69       
  39   HLA-DPA10103-DPB10402      LCAYCCNIVNVSLVK    3   YCCNIVNVS     0.593  YP_009724392.1      0.000390    95.00       NA      0.227588       4261.29    31.48       
  35   HLA-DPA10103-DPB10402      TALRLCAYCCNIVNV    4   LCAYCCNIV     0.347  YP_009724392.1      0.000389    95.00       NA      0.237066       3845.95    28.70       
  40   HLA-DPA10103-DPB10402      CAYCCNIVNVSLVKP    4   CNIVNVSLV     0.260  YP_009724392.1      0.000386    95.00       NA      0.221903       4531.63    33.34       
  32   HLA-DPA10103-DPB10402      AILTALRLCAYCCNI    2   LTALRLCAY     0.513  YP_009724392.1      0.000324    95.00       NA      0.268073       2749.81    20.75       
  36   HLA-DPA10103-DPB10402      ALRLCAYCCNIVNVS    3   LCAYCCNIV     0.433  YP_009724392.1      0.000314    95.00       NA      0.231243       4096.06    30.38       
  11   HLA-DPA10103-DPB10402      TLIVNSVLLFLAFVV    3   VNSVLLFLA     0.280  YP_009724392.1      0.000279    95.00       NA      0.217610       4747.09    34.76       
  33   HLA-DPA10103-DPB10402      ILTALRLCAYCCNIV    4   LRLCAYCCN     0.420  YP_009724392.1      0.000242    95.00       NA      0.265571       2825.27    21.32       
  12   HLA-DPA10103-DPB10402      LIVNSVLLFLAFVVF    6   LLFLAFVVF     0.320  YP_009724392.1      0.000214    95.00       NA      0.214302       4920.07    35.83       
  38   HLA-DPA10103-DPB10402      RLCAYCCNIVNVSLV    4   YCCNIVNVS     0.540  YP_009724392.1      0.000207    95.00       NA      0.222769       4489.37    33.06       
  37   HLA-DPA10103-DPB10402      LRLCAYCCNIVNVSL    2   LCAYCCNIV     0.300  YP_009724392.1      0.000205    95.00       NA      0.220107       4620.55    33.92       
--------------------------------------------------------------------------------------------------------------------------------------------
Number of strong binders: 2 Number of weak binders: 6
--------------------------------------------------------------------------------------------------------------------------------------------

# Allele: HLA-DPA10103-DPB10901
--------------------------------------------------------------------------------------------------------------------------------------------
 Pos                     MHC              Peptide   Of        Core  Core_Rel        Identity      Score_EL %Rank_EL Exp_Bind      Score_BA  Affinity(nM) %Rank_BA  BindLevel
--------------------------------------------------------------------------------------------------------------------------------------------
  54   HLA-DPA10103-DPB10901      PSFYVYSRVKNLNSS    3   YVYSRVKNL     0.787  YP_009724392.1      0.201100     7.99       NA      0.314842       1657.82     9.40   <=WB
  53   HLA-DPA10103-DPB10901      KPSFYVYSRVKNLNS    4   YVYSRVKNL     0.713  YP_009724392.1      0.198976     8.14       NA      0.320410       1560.89     8.54   <=WB
  52   HLA-DPA10103-DPB10901      VKPSFYVYSRVKNLN    5   YVYSRVKNL     0.667  YP_009724392.1      0.171905    10.23       NA      0.320924       1552.24     8.47       
  55   HLA-DPA10103-DPB10901      SFYVYSRVKNLNSSR    2   YVYSRVKNL     0.553  YP_009724392.1      0.132125    14.92       NA      0.306861       1807.34    10.72       
  51   HLA-DPA10103-DPB10901      LVKPSFYVYSRVKNL    6   YVYSRVKNL     0.513  YP_009724392.1      0.113274    18.14       NA      0.331538       1383.83     7.03       
  56   HLA-DPA10103-DPB10901      FYVYSRVKNLNSSRV    1   YVYSRVKNL     0.387  YP_009724392.1      0.091655    23.16       NA      0.298139       1986.20    12.32       
   3   HLA-DPA10103-DPB10901      SFVSEETGTLIVNSV    4   EETGTLIVN     0.373  YP_009724392.1      0.077276    27.91       NA      0.211084       5094.40    38.36       
  57   HLA-DPA10103-DPB10901      YVYSRVKNLNSSRVP    3   SRVKNLNSS     0.427  YP_009724392.1      0.074672    28.92       NA      0.234704       3945.51    29.51       
   4   HLA-DPA10103-DPB10901      FVSEETGTLIVNSVL    3   EETGTLIVN     0.353  YP_009724392.1      0.074433    29.01       NA      0.213263       4975.69    37.53       
  58   HLA-DPA10103-DPB10901      VYSRVKNLNSSRVPD    2   SRVKNLNSS     0.280  YP_009724392.1      0.068665    31.41       NA      0.187536       6572.70    48.33       
  50   HLA-DPA10103-DPB10901      SLVKPSFYVYSRVKN    4   PSFYVYSRV     0.260  YP_009724392.1      0.066310    32.45       NA      0.265797       2818.37    19.80       
   5   HLA-DPA10103-DPB10901      VSEETGTLIVNSVLL    2   EETGTLIVN     0.307  YP_009724392.1      0.063566    33.76       NA      0.217955       4729.40    35.70       
  49   HLA-DPA10103-DPB10901      VSLVKPSFYVYSRVK    3   VKPSFYVYS     0.613  YP_009724392.1      0.055763    38.01       NA      0.275808       2529.04    17.16       
   2   HLA-DPA10103-DPB10901      YSFVSEETGTLIVNS    5   EETGTLIVN     0.333  YP_009724392.1      0.049734    41.91       NA      0.215134       4875.98    36.80       
  59   HLA-DPA10103-DPB10901      YSRVKNLNSSRVPDL    3   VKNLNSSRV     0.333  YP_009724392.1      0.044912    45.33       NA      0.202805       5571.80    41.74       
  48   HLA-DPA10103-DPB10901      NVSLVKPSFYVYSRV    4   VKPSFYVYS     0.467  YP_009724392.1      0.035320    53.62       NA      0.263565       2887.26    20.43       
  45   HLA-DPA10103-DPB10901      NIVNVSLVKPSFYVY    2   VNVSLVKPS     0.607  YP_009724392.1      0.030998    58.11       NA      0.259922       3003.34    21.47       
   1   HLA-DPA10103-DPB10901      MYSFVSEETGTLIVN    3   FVSEETGTL     0.560  YP_009724392.1      0.030331    58.84       NA      0.218266       4713.51    35.57       
  47   HLA-DPA10103-DPB10901      VNVSLVKPSFYVYSR    5   VKPSFYVYS     0.307  YP_009724392.1      0.030153    59.03       NA      0.250574       3323.00    24.27       
   6   HLA-DPA10103-DPB10901      SEETGTLIVNSVLLF    1   EETGTLIVN     0.200  YP_009724392.1      0.028430    61.02       NA      0.246124       3486.91    25.69       
  44   HLA-DPA10103-DPB10901      CNIVNVSLVKPSFYV    3   VNVSLVKPS     0.700  YP_009724392.1      0.026509    63.34       NA      0.243826       3574.69    26.44       
  43   HLA-DPA10103-DPB10901      CCNIVNVSLVKPSFY    4   VNVSLVKPS     0.727  YP_009724392.1      0.023790    66.74       NA      0.226094       4330.73    32.60       
  60   HLA-DPA10103-DPB10901      SRVKNLNSSRVPDLL    2   VKNLNSSRV     0.320  YP_009724392.1      0.022606    68.28       NA      0.199628       5766.66    43.04       
  46   HLA-DPA10103-DPB10901      IVNVSLVKPSFYVYS    3   VSLVKPSFY     0.280  YP_009724392.1      0.020875    70.60       NA      0.256617       3112.68    22.45       
  34   HLA-DPA10103-DPB10901      LTALRLCAYCCNIVN    3   LRLCAYCCN     0.347  YP_009724392.1      0.020191    71.60       NA      0.256383       3120.57    22.52       
  35   HLA-DPA10103-DPB10901      TALRLCAYCCNIVNV    2   LRLCAYCCN     0.320  YP_009724392.1      0.019212    73.03       NA      0.255001       3167.58    22.96       
  61   HLA-DPA10103-DPB10901      RVKNLNSSRVPDLLV    4   LNSSRVPDL     0.493  YP_009724392.1      0.019060    73.26       NA      0.210673       5117.10    38.52       
  42   HLA-DPA10103-DPB10901      YCCNIVNVSLVKPSF    5   VNVSLVKPS     0.680  YP_009724392.1      0.017509    75.55       NA      0.230035       4149.95    31.17       
  25   HLA-DPA10103-DPB10901      VFLLVTLAILTALRL    6   LAILTALRL     0.260  YP_009724392.1      0.015747    78.25       NA      0.323984       1501.69     8.03       
  22   HLA-DPA10103-DPB10901      AFVVFLLVTLAILTA    3   VFLLVTLAI     0.120  YP_009724392.1      0.015543    78.56       NA      0.259711       3010.20    21.53       
  33   HLA-DPA10103-DPB10901      ILTALRLCAYCCNIV    4   LRLCAYCCN     0.373  YP_009724392.1      0.014643    79.94       NA      0.251434       3292.22    24.00       
  24   HLA-DPA10103-DPB10901      VVFLLVTLAILTALR    3   LLVTLAILT     0.393  YP_009724392.1      0.013098    82.45       NA      0.300515       1935.79    11.87       
  41   HLA-DPA10103-DPB10901      AYCCNIVNVSLVKPS    6   VNVSLVKPS     0.407  YP_009724392.1      0.012907    82.76       NA      0.231181       4098.81    30.77       
  23   HLA-DPA10103-DPB10901      FVVFLLVTLAILTAL    2   VFLLVTLAI     0.067  YP_009724392.1      0.012699    83.10       NA      0.273492       2593.22    17.72       
  36   HLA-DPA10103-DPB10901      ALRLCAYCCNIVNVS    1   LRLCAYCCN     0.213  YP_009724392.1      0.012384    83.61       NA      0.247821       3423.47    25.13       
   8   HLA-DPA10103-DPB10901      ETGTLIVNSVLLFLA    4   LIVNSVLLF     0.487  YP_009724392.1      0.011299    85.37       NA      0.260683       2978.71    21.26       
  28   HLA-DPA10103-DPB10901      LVTLAILTALRLCAY    3   LAILTALRL     0.440  YP_009724392.1      0.010945    85.96       NA      0.290387       2159.98    13.89       
  27   HLA-DPA10103-DPB10901      LLVTLAILTALRLCA    4   LAILTALRL     0.447  YP_009724392.1      0.010897    86.03       NA      0.278870       2446.63    16.44       
  21   HLA-DPA10103-DPB10901      LAFVVFLLVTLAILT    4   VFLLVTLAI     0.107  YP_009724392.1      0.010891    86.04       NA      0.255187       3161.21    22.90       
  39   HLA-DPA10103-DPB10901      LCAYCCNIVNVSLVK    3   YCCNIVNVS     0.613  YP_009724392.1      0.010890    86.05       NA      0.223654       4446.58    33.50       
  32   HLA-DPA10103-DPB10901      AILTALRLCAYCCNI    5   LRLCAYCCN     0.313  YP_009724392.1      0.010674    86.40       NA      0.233032       4017.53    30.12       
  40   HLA-DPA10103-DPB10901      CAYCCNIVNVSLVKP    2   YCCNIVNVS     0.400  YP_009724392.1      0.010317    86.99       NA      0.221426       4555.08    34.34       
   9   HLA-DPA10103-DPB10901      TGTLIVNSVLLFLAF    3   LIVNSVLLF     0.527  YP_009724392.1      0.009796    87.85       NA      0.258071       3064.09    22.00       
  29   HLA-DPA10103-DPB10901      VTLAILTALRLCAYC    2   LAILTALRL     0.480  YP_009724392.1      0.008922    89.28       NA      0.282775       2345.41    15.56       
  38   HLA-DPA10103-DPB10901      RLCAYCCNIVNVSLV    4   YCCNIVNVS     0.507  YP_009724392.1      0.008331    90.25       NA      0.220945       4578.85    34.52       
  26   HLA-DPA10103-DPB10901      FLLVTLAILTALRLC    5   LAILTALRL     0.353  YP_009724392.1      0.008226    90.41       NA      0.287259       2234.34    14.56       
   7   HLA-DPA10103-DPB10901      EETGTLIVNSVLLFL    5   LIVNSVLLF     0.293  YP_009724392.1      0.008055    90.68       NA      0.257224       3092.30    22.26       
  37   HLA-DPA10103-DPB10901      LRLCAYCCNIVNVSL    5   YCCNIVNVS     0.347  YP_009724392.1      0.007258    91.94       NA      0.233388       4002.09    29.99       
  20   HLA-DPA10103-DPB10901      FLAFVVFLLVTLAIL    5   VFLLVTLAI     0.100  YP_009724392.1      0.007213    92.01       NA      0.273743       2586.19    17.66       
  30   HLA-DPA10103-DPB10901      TLAILTALRLCAYCC    1   LAILTALRL     0.467  YP_009724392.1      0.006172    93.66       NA      0.257311       3089.39    22.23       
  10   HLA-DPA10103-DPB10901      GTLIVNSVLLFLAFV    2   LIVNSVLLF     0.413  YP_009724392.1      0.005800    94.25       NA      0.240508       3705.36    27.54       
  18   HLA-DPA10103-DPB10901      LLFLAFVVFLLVTLA    3   LAFVVFLLV     0.667  YP_009724392.1      0.005502    94.72       NA      0.294714       2061.19    12.99       
  19   HLA-DPA10103-DPB10901      LFLAFVVFLLVTLAI    2   LAFVVFLLV     0.500  YP_009724392.1      0.005245    95.00       NA      0.278862       2446.84    16.45       
  11   HLA-DPA10103-DPB10901      TLIVNSVLLFLAFVV    6   VLLFLAFVV     0.153  YP_009724392.1      0.004413    95.00       NA      0.225048       4380.02    32.98       
  17   HLA-DPA10103-DPB10901      VLLFLAFVVFLLVTL    4   LAFVVFLLV     0.607  YP_009724392.1      0.004107    95.00       NA      0.293643       2085.21    13.21       
  12   HLA-DPA10103-DPB10901      LIVNSVLLFLAFVVF    5   VLLFLAFVV     0.287  YP_009724392.1      0.003876    95.00       NA      0.210347       5135.18    38.65       
  16   HLA-DPA10103-DPB10901      SVLLFLAFVVFLLVT    5   LAFVVFLLV     0.567  YP_009724392.1      0.003660    95.00       NA      0.290930       2147.33    13.78       
  13   HLA-DPA10103-DPB10901      IVNSVLLFLAFVVFL    4   VLLFLAFVV     0.347  YP_009724392.1      0.003569    95.00       NA      0.201186       5670.26    42.41       
  15   HLA-DPA10103-DPB10901      NSVLLFLAFVVFLLV    6   LAFVVFLLV     0.360  YP_009724392.1      0.003030    95.00       NA      0.279636       2426.44    16.27       
  31   HLA-DPA10103-DPB10901      LAILTALRLCAYCCN    3   LTALRLCAY     0.453  YP_009724392.1      0.002832    95.00       NA      0.234152       3969.14    29.71       
  14   HLA-DPA10103-DPB10901      VNSVLLFLAFVVFLL    3   VLLFLAFVV     0.260  YP_009724392.1      0.002614    95.00       NA      0.226645       4304.99    32.40       
--------------------------------------------------------------------------------------------------------------------------------------------
Number of strong binders: 0 Number of weak binders: 2
--------------------------------------------------------------------------------------------------------------------------------------------
