# NetMHCIIpan version 4.0

# Input is in FASTA format

# Peptide length 15

# Prediction Mode: EL+BA

# Threshold for Strong binding peptides (%Rank)	2%
# Threshold for Weak binding peptides (%Rank)	10%

# Allele: DRB4_0101
--------------------------------------------------------------------------------------------------------------------------------------------
 Pos           MHC              Peptide   Of        Core  Core_Rel        Identity      Score_EL %Rank_EL Exp_Bind      Score_BA  Affinity(nM) %Rank_BA  BindLevel
--------------------------------------------------------------------------------------------------------------------------------------------
 288     DRB4_0101      DQELIRQGTDYKHWP    3   LIRQGTDYK     0.960  YP_009724397.2      0.404927     0.63       NA      0.401481        649.27    17.97   <=SB
 127     DRB4_0101      KDGIIWVATEGALNT    3   IIWVATEGA     0.993  YP_009724397.2      0.357849     0.79       NA      0.501140        220.87     4.49   <=SB
 126     DRB4_0101      NKDGIIWVATEGALN    4   IIWVATEGA     0.967  YP_009724397.2      0.316744     1.03       NA      0.489959        249.27     5.46   <=SB
 334     DRB4_0101      TGAIKLDDKDPNFKD    3   IKLDDKDPN     0.987  YP_009724397.2      0.316720     1.03       NA      0.251224       3299.71    57.32   <=SB
 287     DRB4_0101      GDQELIRQGTDYKHW    4   LIRQGTDYK     0.960  YP_009724397.2      0.309615     1.07       NA      0.418657        539.15    14.81   <=SB
 286     DRB4_0101      FGDQELIRQGTDYKH    5   LIRQGTDYK     0.960  YP_009724397.2      0.258702     1.46       NA      0.377513        841.49    23.00   <=SB
 333     DRB4_0101      YTGAIKLDDKDPNFK    4   IKLDDKDPN     0.967  YP_009724397.2      0.240181     1.65       NA      0.271029       2663.26    51.46   <=SB
 342     DRB4_0101      KDPNFKDQVILLNKH    4   FKDQVILLN     1.000  YP_009724397.2      0.233683     1.73       NA      0.469516        310.98     7.56   <=SB
 343     DRB4_0101      DPNFKDQVILLNKHI    3   FKDQVILLN     1.000  YP_009724397.2      0.219157     1.94       NA      0.497724        229.18     4.77   <=SB
 289     DRB4_0101      QELIRQGTDYKHWPQ    2   LIRQGTDYK     0.847  YP_009724397.2      0.207603     2.13       NA      0.422427        517.60    14.19   <=WB
 283     DRB4_0101      QGNFGDQELIRQGTD    3   FGDQELIRQ     1.000  YP_009724397.2      0.204615     2.19       NA      0.264972       2843.64    53.24   <=WB
 347     DRB4_0101      KDQVILLNKHIDAYK    3   VILLNKHID     0.347  YP_009724397.2      0.194271     2.37       NA      0.566275        109.16     1.22   <=WB
 335     DRB4_0101      GAIKLDDKDPNFKDQ    2   IKLDDKDPN     0.947  YP_009724397.2      0.189438     2.46       NA      0.236649       3863.34    61.66   <=WB
 348     DRB4_0101      DQVILLNKHIDAYKT    4   LLNKHIDAY     0.440  YP_009724397.2      0.184069     2.56       NA      0.570657        104.10     1.12   <=WB
 125     DRB4_0101      ANKDGIIWVATEGAL    5   IIWVATEGA     0.933  YP_009724397.2      0.158570     3.15       NA      0.468423        314.68     7.68   <=WB
 215     DRB4_0101      GDAALALLLLDRLNQ    4   LALLLLDRL     0.960  YP_009724397.2      0.142418     3.63       NA      0.600058         75.74     0.56   <=WB
 282     DRB4_0101      TQGNFGDQELIRQGT    4   FGDQELIRQ     0.987  YP_009724397.2      0.138904     3.75       NA      0.271420       2652.01    51.34   <=WB
 341     DRB4_0101      DKDPNFKDQVILLNK    5   FKDQVILLN     0.980  YP_009724397.2      0.137920     3.78       NA      0.438198        436.41    11.73   <=WB
 349     DRB4_0101      QVILLNKHIDAYKTF    3   LLNKHIDAY     0.687  YP_009724397.2      0.137342     3.80       NA      0.576374         97.86     0.98   <=WB
 332     DRB4_0101      TYTGAIKLDDKDPNF    5   IKLDDKDPN     0.827  YP_009724397.2      0.136434     3.83       NA      0.254165       3196.36    56.44   <=WB
  49     DRB4_0101      TASWFTALTQHGKED    3   WFTALTQHG     0.933  YP_009724397.2      0.131804     4.00       NA      0.320587       1557.91    37.28   <=WB
 316     DRB4_0101      GMSRIGMEVTPSGTW    4   IGMEVTPSG     0.907  YP_009724397.2      0.127932     4.17       NA      0.388470        747.41    20.62   <=WB
 154     DRB4_0101      NAAIVLQLPQGTTLP    3   IVLQLPQGT     0.960  YP_009724397.2      0.122702     4.42       NA      0.620417         60.76     0.33   <=WB
 128     DRB4_0101      DGIIWVATEGALNTP    2   IIWVATEGA     0.753  YP_009724397.2      0.112239     4.98       NA      0.447988        392.54    10.30   <=WB
 317     DRB4_0101      MSRIGMEVTPSGTWL    3   IGMEVTPSG     0.940  YP_009724397.2      0.110245     5.10       NA      0.422395        517.78    14.19   <=WB
  48     DRB4_0101      NTASWFTALTQHGKE    4   WFTALTQHG     0.940  YP_009724397.2      0.091786     6.37       NA      0.346879       1172.18    30.23   <=WB
 346     DRB4_0101      FKDQVILLNKHIDAY    4   VILLNKHID     0.500  YP_009724397.2      0.091507     6.39       NA      0.543229        140.07     2.02   <=WB
 344     DRB4_0101      PNFKDQVILLNKHID    2   FKDQVILLN     0.793  YP_009724397.2      0.090962     6.44       NA      0.503831        214.53     4.29   <=WB
 216     DRB4_0101      DAALALLLLDRLNQL    3   LALLLLDRL     0.880  YP_009724397.2      0.090873     6.45       NA      0.605238         71.61     0.49   <=WB
 315     DRB4_0101      FGMSRIGMEVTPSGT    5   IGMEVTPSG     0.893  YP_009724397.2      0.090655     6.46       NA      0.381237        808.26    22.16   <=WB
 281     DRB4_0101      QTQGNFGDQELIRQG    5   FGDQELIRQ     0.947  YP_009724397.2      0.087706     6.72       NA      0.249945       3345.69    57.71   <=WB
 152     DRB4_0101      ANNAAIVLQLPQGTT    5   IVLQLPQGT     0.747  YP_009724397.2      0.084966     6.96       NA      0.591400         83.18     0.68   <=WB
 153     DRB4_0101      NNAAIVLQLPQGTTL    4   IVLQLPQGT     0.847  YP_009724397.2      0.083502     7.11       NA      0.623549         58.74     0.31   <=WB
 284     DRB4_0101      GNFGDQELIRQGTDY    2   FGDQELIRQ     0.927  YP_009724397.2      0.077283     7.79       NA      0.249099       3376.46    57.96   <=WB
 168     DRB4_0101      PKGFYAEGSRGGSQA    3   FYAEGSRGG     0.980  YP_009724397.2      0.077218     7.80       NA      0.238579       3783.51    61.09   <=WB
 285     DRB4_0101      NFGDQELIRQGTDYK    6   LIRQGTDYK     0.733  YP_009724397.2      0.071021     8.52       NA      0.334278       1343.41    33.50   <=WB
  50     DRB4_0101      ASWFTALTQHGKEDL    2   WFTALTQHG     0.887  YP_009724397.2      0.065655     9.29       NA      0.329459       1415.31    34.84   <=WB
 214     DRB4_0101      GGDAALALLLLDRLN    5   LALLLLDRL     0.920  YP_009724397.2      0.064167     9.53       NA      0.565701        109.84     1.24   <=WB
 331     DRB4_0101      LTYTGAIKLDDKDPN    6   IKLDDKDPN     0.607  YP_009724397.2      0.063536     9.64       NA      0.295811       2036.87    44.30   <=WB
 167     DRB4_0101      LPKGFYAEGSRGGSQ    4   FYAEGSRGG     0.940  YP_009724397.2      0.059463    10.37       NA      0.229337       4181.41    63.82       
 345     DRB4_0101      NFKDQVILLNKHIDA    5   VILLNKHID     0.500  YP_009724397.2      0.058061    10.63       NA      0.522858        174.61     3.04       
 318     DRB4_0101      SRIGMEVTPSGTWLT    2   IGMEVTPSG     0.913  YP_009724397.2      0.054600    11.30       NA      0.381398        806.85    22.13       
 350     DRB4_0101      VILLNKHIDAYKTFP    2   LLNKHIDAY     0.700  YP_009724397.2      0.053687    11.49       NA      0.542141        141.73     2.07       
 155     DRB4_0101      AAIVLQLPQGTTLPK    2   IVLQLPQGT     0.880  YP_009724397.2      0.052952    11.65       NA      0.610664         67.53     0.43       
 243     DRB4_0101      GQTVTKKSAAEASKK    3   VTKKSAAEA     0.733  YP_009724397.2      0.051443    11.96       NA      0.261615       2948.82    54.23       
 336     DRB4_0101      AIKLDDKDPNFKDQV    1   IKLDDKDPN     0.833  YP_009724397.2      0.050501    12.19       NA      0.230639       4122.91    63.44       
 385     DRB4_0101      RQKKQQTVTLLPAAD    4   QQTVTLLPA     0.733  YP_009724397.2      0.050301    12.24       NA      0.419385        534.92    14.69       
  47     DRB4_0101      NNTASWFTALTQHGK    5   WFTALTQHG     0.913  YP_009724397.2      0.049955    12.33       NA      0.356616       1054.97    27.73       
  81     DRB4_0101      DDQIGYYRRATRRIR    3   IGYYRRATR     0.620  YP_009724397.2      0.048965    12.58       NA      0.471835        303.27     7.29       
 388     DRB4_0101      KQQTVTLLPAADLDD    4   VTLLPAADL     0.680  YP_009724397.2      0.048249    12.76       NA      0.407528        608.15    16.82       
 389     DRB4_0101      QQTVTLLPAADLDDF    3   VTLLPAADL     0.687  YP_009724397.2      0.047955    12.84       NA      0.422017        519.91    14.25       
 391     DRB4_0101      TVTLLPAADLDDFSK    3   LLPAADLDD     0.660  YP_009724397.2      0.047943    12.84       NA      0.410218        590.70    16.33       
 290     DRB4_0101      ELIRQGTDYKHWPQI    1   LIRQGTDYK     0.720  YP_009724397.2      0.047693    12.90       NA      0.385348        773.09    21.29       
  68     DRB4_0101      RGQGVPINTNSSPDD    3   GVPINTNSS     0.807  YP_009724397.2      0.043286    14.22       NA      0.166579       8245.56    81.33       
 124     DRB4_0101      GANKDGIIWVATEGA    6   IIWVATEGA     0.873  YP_009724397.2      0.043205    14.25       NA      0.383007        792.92    21.78       
 300     DRB4_0101      HWPQIAQFAPSASAF    4   IAQFAPSAS     0.727  YP_009724397.2      0.042750    14.40       NA      0.429156        481.26    13.09       
 219     DRB4_0101      LALLLLDRLNQLESK    3   LLLDRLNQL     0.720  YP_009724397.2      0.041090    14.96       NA      0.591168         83.39     0.68       
 386     DRB4_0101      QKKQQTVTLLPAADL    3   QQTVTLLPA     0.680  YP_009724397.2      0.040752    15.08       NA      0.468727        313.64     7.65       
  71     DRB4_0101      GVPINTNSSPDDQIG    3   INTNSSPDD     0.780  YP_009724397.2      0.040026    15.34       NA      0.148992       9973.81    85.59       
 301     DRB4_0101      WPQIAQFAPSASAFF    3   IAQFAPSAS     0.820  YP_009724397.2      0.039294    15.61       NA      0.457118        355.62     9.05       
 217     DRB4_0101      AALALLLLDRLNQLE    2   LALLLLDRL     0.527  YP_009724397.2      0.037897    16.15       NA      0.605479         71.42     0.49       
  80     DRB4_0101      PDDQIGYYRRATRRI    4   IGYYRRATR     0.620  YP_009724397.2      0.036515    16.76       NA      0.397936        674.65    18.68       
 244     DRB4_0101      QTVTKKSAAEASKKP    3   TKKSAAEAS     0.420  YP_009724397.2      0.035607    17.17       NA      0.243416       3590.59    59.66       
 242     DRB4_0101      QGQTVTKKSAAEASK    4   VTKKSAAEA     0.567  YP_009724397.2      0.035204    17.36       NA      0.241162       3679.23    60.33       
 390     DRB4_0101      QTVTLLPAADLDDFS    4   LLPAADLDD     0.447  YP_009724397.2      0.034893    17.50       NA      0.413443        570.44    15.74       
 295     DRB4_0101      GTDYKHWPQIAQFAP    3   YKHWPQIAQ     0.667  YP_009724397.2      0.034667    17.61       NA      0.310896       1730.13    40.00       
 218     DRB4_0101      ALALLLLDRLNQLES    3   LLLLDRLNQ     0.353  YP_009724397.2      0.034115    17.87       NA      0.599167         76.47     0.57       
 151     DRB4_0101      PANNAAIVLQLPQGT    6   IVLQLPQGT     0.553  YP_009724397.2      0.033985    17.93       NA      0.538489        147.44     2.25       
 129     DRB4_0101      GIIWVATEGALNTPK    3   WVATEGALN     0.287  YP_009724397.2      0.033654    18.08       NA      0.426892        493.19    13.46       
 224     DRB4_0101      LDRLNQLESKMSGKG    3   LNQLESKMS     0.860  YP_009724397.2      0.033126    18.34       NA      0.372929        884.28    24.03       
 392     DRB4_0101      VTLLPAADLDDFSKQ    2   LLPAADLDD     0.393  YP_009724397.2      0.032813    18.49       NA      0.362087        994.34    26.46       
 299     DRB4_0101      KHWPQIAQFAPSASA    5   IAQFAPSAS     0.600  YP_009724397.2      0.032713    18.54       NA      0.397949        674.56    18.67       
 354     DRB4_0101      NKHIDAYKTFPPTEP    3   IDAYKTFPP     0.867  YP_009724397.2      0.031972    18.90       NA      0.233643       3991.06    62.55       
 387     DRB4_0101      KKQQTVTLLPAADLD    5   VTLLPAADL     0.373  YP_009724397.2      0.030346    19.83       NA      0.451250        378.93     9.84       
 374     DRB4_0101      KKADETQALPQRQKK    3   DETQALPQR     0.567  YP_009724397.2      0.030305    19.85       NA      0.228920       4200.31    63.94       
 384     DRB4_0101      QRQKKQQTVTLLPAA    5   QQTVTLLPA     0.413  YP_009724397.2      0.030290    19.86       NA      0.436533        444.34    11.98       
  70     DRB4_0101      QGVPINTNSSPDDQI    4   INTNSSPDD     0.713  YP_009724397.2      0.030006    20.03       NA      0.156287       9216.84    83.88       
  79     DRB4_0101      SPDDQIGYYRRATRR    5   IGYYRRATR     0.640  YP_009724397.2      0.029950    20.06       NA      0.299699       1952.96    43.23       
 130     DRB4_0101      IIWVATEGALNTPKD    3   VATEGALNT     0.820  YP_009724397.2      0.029305    20.45       NA      0.346593       1175.82    30.30       
  69     DRB4_0101      GQGVPINTNSSPDDQ    5   INTNSSPDD     0.520  YP_009724397.2      0.029057    20.60       NA      0.149517       9917.31    85.48       
 166     DRB4_0101      TLPKGFYAEGSRGGS    5   FYAEGSRGG     0.900  YP_009724397.2      0.028977    20.64       NA      0.221598       4546.61    66.10       
 220     DRB4_0101      ALLLLDRLNQLESKM    2   LLLDRLNQL     0.600  YP_009724397.2      0.027880    21.34       NA      0.560722        115.92     1.38       
 330     DRB4_0101      WLTYTGAIKLDDKDP    3   YTGAIKLDD     0.447  YP_009724397.2      0.027780    21.41       NA      0.347131       1168.99    30.17       
 206     DRB4_0101      SPARMAGNGGDAALA    4   MAGNGGDAA     0.960  YP_009724397.2      0.027586    21.54       NA      0.208823       5220.56    69.84       
  82     DRB4_0101      DQIGYYRRATRRIRG    2   IGYYRRATR     0.380  YP_009724397.2      0.027518    21.59       NA      0.501745        219.42     4.44       
 371     DRB4_0101      DKKKKADETQALPQR    3   KKADETQAL     0.713  YP_009724397.2      0.027461    21.63       NA      0.195755       6013.44    73.55       
  67     DRB4_0101      PRGQGVPINTNSSPD    4   GVPINTNSS     0.853  YP_009724397.2      0.027335    21.71       NA      0.176554       7401.98    78.76       
 106     DRB4_0101      PRWYFYYLGTGPEAG    4   FYYLGTGPE     0.727  YP_009724397.2      0.027235    21.78       NA      0.352370       1104.57    28.80       
 241     DRB4_0101      QQGQTVTKKSAAEAS    3   QTVTKKSAA     0.380  YP_009724397.2      0.025894    22.78       NA      0.233047       4016.88    62.73       
 207     DRB4_0101      PARMAGNGGDAALAL    3   MAGNGGDAA     0.973  YP_009724397.2      0.024363    23.92       NA      0.238484       3787.40    61.12       
 302     DRB4_0101      PQIAQFAPSASAFFG    2   IAQFAPSAS     0.733  YP_009724397.2      0.024291    23.97       NA      0.431108        471.20    12.79       
 169     DRB4_0101      KGFYAEGSRGGSQAS    2   FYAEGSRGG     0.907  YP_009724397.2      0.024288    23.98       NA      0.234159       3968.84    62.40       
 383     DRB4_0101      PQRQKKQQTVTLLPA    3   QKKQQTVTL     0.520  YP_009724397.2      0.023847    24.35       NA      0.409441        595.69    16.47       
 328     DRB4_0101      GTWLTYTGAIKLDDK    3   LTYTGAIKL     0.753  YP_009724397.2      0.023628    24.54       NA      0.373959        874.48    23.80       
 340     DRB4_0101      DDKDPNFKDQVILLN    6   FKDQVILLN     0.907  YP_009724397.2      0.022782    25.28       NA      0.378389        833.55    22.80       
 225     DRB4_0101      DRLNQLESKMSGKGQ    2   LNQLESKMS     0.653  YP_009724397.2      0.021939    26.06       NA      0.334634       1338.24    33.40       
 373     DRB4_0101      KKKADETQALPQRQK    4   DETQALPQR     0.427  YP_009724397.2      0.020827    27.18       NA      0.224712       4395.97    65.18       
  72     DRB4_0101      VPINTNSSPDDQIGY    2   INTNSSPDD     0.580  YP_009724397.2      0.020821    27.19       NA      0.147067      10183.72    86.01       
 396     DRB4_0101      PAADLDDFSKQLQQS    4   LDDFSKQLQ     0.753  YP_009724397.2      0.020493    27.53       NA      0.219141       4669.10    66.82       
 223     DRB4_0101      LLDRLNQLESKMSGK    4   LNQLESKMS     0.820  YP_009724397.2      0.020423    27.60       NA      0.403863        632.75    17.52       
 105     DRB4_0101      SPRWYFYYLGTGPEA    5   FYYLGTGPE     0.513  YP_009724397.2      0.020263    27.77       NA      0.355431       1068.59    28.02       
 258     DRB4_0101      PRQKRTATKAYNVTQ    3   KRTATKAYN     0.447  YP_009724397.2      0.020253    27.78       NA      0.317659       1608.05    38.07       
 265     DRB4_0101      TKAYNVTQAFGRRGP    3   YNVTQAFGR     0.480  YP_009724397.2      0.020201    27.84       NA      0.328652       1427.72    35.06       
 107     DRB4_0101      RWYFYYLGTGPEAGL    3   FYYLGTGPE     0.700  YP_009724397.2      0.020145    27.90       NA      0.362627        988.55    26.34       
 397     DRB4_0101      AADLDDFSKQLQQSM    3   LDDFSKQLQ     0.667  YP_009724397.2      0.019860    28.20       NA      0.310360       1740.19    40.15       
 329     DRB4_0101      TWLTYTGAIKLDDKD    4   YTGAIKLDD     0.367  YP_009724397.2      0.019576    28.51       NA      0.369148        921.20    24.83       
 353     DRB4_0101      LNKHIDAYKTFPPTE    4   IDAYKTFPP     0.873  YP_009724397.2      0.019560    28.52       NA      0.271330       2654.60    51.37       
 296     DRB4_0101      TDYKHWPQIAQFAPS    4   HWPQIAQFA     0.480  YP_009724397.2      0.019543    28.54       NA      0.322595       1524.42    36.74       
 370     DRB4_0101      KDKKKKADETQALPQ    4   KKADETQAL     0.740  YP_009724397.2      0.019513    28.58       NA      0.174763       7546.82    79.24       
  83     DRB4_0101      QIGYYRRATRRIRGG    3   YYRRATRRI     0.393  YP_009724397.2      0.019443    28.65       NA      0.501021        221.15     4.49       
 375     DRB4_0101      KADETQALPQRQKKQ    3   ETQALPQRQ     0.520  YP_009724397.2      0.019374    28.73       NA      0.229267       4184.57    63.84       
 297     DRB4_0101      DYKHWPQIAQFAPSA    3   HWPQIAQFA     0.667  YP_009724397.2      0.019321    28.78       NA      0.337729       1294.17    32.55       
 266     DRB4_0101      KAYNVTQAFGRRGPE    3   NVTQAFGRR     0.200  YP_009724397.2      0.018759    29.42       NA      0.314749       1659.49    38.89       
  84     DRB4_0101      IGYYRRATRRIRGGD    3   YRRATRRIR     0.507  YP_009724397.2      0.018442    29.80       NA      0.476666        287.83     6.77       
  51     DRB4_0101      SWFTALTQHGKEDLK    1   WFTALTQHG     0.547  YP_009724397.2      0.018152    30.15       NA      0.321050       1550.12    37.16       
 393     DRB4_0101      TLLPAADLDDFSKQL    3   PAADLDDFS     0.467  YP_009724397.2      0.017773    30.62       NA      0.273822       2583.98    50.63       
 205     DRB4_0101      TSPARMAGNGGDAAL    5   MAGNGGDAA     0.760  YP_009724397.2      0.017592    30.85       NA      0.189406       6441.05    75.32       
 156     DRB4_0101      AIVLQLPQGTTLPKG    1   IVLQLPQGT     0.740  YP_009724397.2      0.017297    31.23       NA      0.573309        101.16     1.06       
 240     DRB4_0101      QQQGQTVTKKSAAEA    4   QTVTKKSAA     0.460  YP_009724397.2      0.017230    31.31       NA      0.237917       3810.70    61.29       
 294     DRB4_0101      QGTDYKHWPQIAQFA    4   YKHWPQIAQ     0.760  YP_009724397.2      0.017098    31.48       NA      0.303218       1880.00    42.23       
 357     DRB4_0101      IDAYKTFPPTEPKKD    3   YKTFPPTEP     0.847  YP_009724397.2      0.016634    32.08       NA      0.184375       6801.39    76.67       
 372     DRB4_0101      KKKKADETQALPQRQ    2   KKADETQAL     0.373  YP_009724397.2      0.016515    32.26       NA      0.212666       5007.94    68.72       
 369     DRB4_0101      KKDKKKKADETQALP    5   KKADETQAL     0.533  YP_009724397.2      0.016473    32.33       NA      0.164461       8436.70    81.85       
 259     DRB4_0101      RQKRTATKAYNVTQA    3   RTATKAYNV     0.440  YP_009724397.2      0.016459    32.35       NA      0.332357       1371.62    34.05       
 267     DRB4_0101      AYNVTQAFGRRGPEQ    3   VTQAFGRRG     0.740  YP_009724397.2      0.015824    33.29       NA      0.291740       2128.59    45.41       
 382     DRB4_0101      LPQRQKKQQTVTLLP    4   QKKQQTVTL     0.607  YP_009724397.2      0.015664    33.52       NA      0.364471        969.02    25.94       
 227     DRB4_0101      LNQLESKMSGKGQQQ    3   LESKMSGKG     0.880  YP_009724397.2      0.015503    33.75       NA      0.287399       2230.95    46.67       
 264     DRB4_0101      ATKAYNVTQAFGRRG    4   YNVTQAFGR     0.413  YP_009724397.2      0.015482    33.78       NA      0.340255       1259.28    31.89       
 135     DRB4_0101      TEGALNTPKDHIGTR    3   ALNTPKDHI     0.567  YP_009724397.2      0.015411    33.88       NA      0.160711       8786.05    82.78       
 263     DRB4_0101      TATKAYNVTQAFGRR    3   KAYNVTQAF     0.313  YP_009724397.2      0.015408    33.88       NA      0.344348       1204.73    30.85       
 213     DRB4_0101      NGGDAALALLLLDRL    6   LALLLLDRL     0.660  YP_009724397.2      0.015371    33.93       NA      0.529054        163.29     2.72       
 368     DRB4_0101      PKKDKKKKADETQAL    3   DKKKKADET     0.533  YP_009724397.2      0.015157    34.27       NA      0.162050       8659.68    82.45       
 142     DRB4_0101      PKDHIGTRNPANNAA    4   IGTRNPANN     0.507  YP_009724397.2      0.015024    34.49       NA      0.193091       6189.30    74.30       
 351     DRB4_0101      ILLNKHIDAYKTFPP    1   LLNKHIDAY     0.607  YP_009724397.2      0.014961    34.60       NA      0.479160        280.16     6.51       
 248     DRB4_0101      KKSAAEASKKPRQKR    4   AEASKKPRQ     0.647  YP_009724397.2      0.014727    34.98       NA      0.224648       4399.02    65.20       
 257     DRB4_0101      KPRQKRTATKAYNVT    4   KRTATKAYN     0.360  YP_009724397.2      0.014720    34.99       NA      0.323432       1510.68    36.51       
 314     DRB4_0101      FFGMSRIGMEVTPSG    6   IGMEVTPSG     0.613  YP_009724397.2      0.014671    35.07       NA      0.425163        502.51    13.74       
 245     DRB4_0101      TVTKKSAAEASKKPR    2   TKKSAAEAS     0.393  YP_009724397.2      0.014315    35.69       NA      0.232296       4049.66    62.95       
 280     DRB4_0101      EQTQGNFGDQELIRQ    6   FGDQELIRQ     0.753  YP_009724397.2      0.014297    35.73       NA      0.223053       4475.59    65.67       
 204     DRB4_0101      GTSPARMAGNGGDAA    6   MAGNGGDAA     0.427  YP_009724397.2      0.014271    35.77       NA      0.154551       9391.60    84.31       
 367     DRB4_0101      EPKKDKKKKADETQA    4   DKKKKADET     0.540  YP_009724397.2      0.014245    35.82       NA      0.119882      13666.21    91.57       
 141     DRB4_0101      TPKDHIGTRNPANNA    3   DHIGTRNPA     0.400  YP_009724397.2      0.013700    36.78       NA      0.179564       7164.80    77.96       
 355     DRB4_0101      KHIDAYKTFPPTEPK    2   IDAYKTFPP     0.507  YP_009724397.2      0.013616    36.93       NA      0.223115       4472.59    65.65       
 249     DRB4_0101      KSAAEASKKPRQKRT    3   AEASKKPRQ     0.800  YP_009724397.2      0.013461    37.22       NA      0.216648       4796.76    67.55       
 404     DRB4_0101      SKQLQQSMSSADSTQ    3   LQQSMSSAD     0.500  YP_009724397.2      0.013378    37.38       NA      0.338330       1285.78    32.39       
 262     DRB4_0101      RTATKAYNVTQAFGR    3   TKAYNVTQA     0.500  YP_009724397.2      0.013359    37.41       NA      0.310780       1732.30    40.03       
 327     DRB4_0101      SGTWLTYTGAIKLDD    4   LTYTGAIKL     0.747  YP_009724397.2      0.013000    38.09       NA      0.350212       1130.67    29.36       
 221     DRB4_0101      LLLLDRLNQLESKMS    3   LDRLNQLES     0.413  YP_009724397.2      0.012831    38.41       NA      0.523823        172.80     2.99       
 226     DRB4_0101      RLNQLESKMSGKGQQ    4   LESKMSGKG     0.653  YP_009724397.2      0.012713    38.63       NA      0.345207       1193.58    30.64       
 131     DRB4_0101      IWVATEGALNTPKDH    2   VATEGALNT     0.740  YP_009724397.2      0.012668    38.72       NA      0.266451       2798.50    52.80       
  85     DRB4_0101      GYYRRATRRIRGGDG    3   RRATRRIRG     0.373  YP_009724397.2      0.012473    39.10       NA      0.426654        494.47    13.50       
  66     DRB4_0101      FPRGQGVPINTNSSP    5   GVPINTNSS     0.627  YP_009724397.2      0.011891    40.32       NA      0.200006       5743.12    72.34       
 256     DRB4_0101      KKPRQKRTATKAYNV    5   KRTATKAYN     0.300  YP_009724397.2      0.011665    40.81       NA      0.322583       1524.62    36.74       
 298     DRB4_0101      YKHWPQIAQFAPSAS    2   HWPQIAQFA     0.293  YP_009724397.2      0.011617    40.92       NA      0.377080        845.44    23.10       
 395     DRB4_0101      LPAADLDDFSKQLQQ    5   LDDFSKQLQ     0.693  YP_009724397.2      0.011490    41.21       NA      0.223605       4448.94    65.51       
 143     DRB4_0101      KDHIGTRNPANNAAI    3   IGTRNPANN     0.660  YP_009724397.2      0.011292    41.66       NA      0.213843       4944.57    68.37       
 356     DRB4_0101      HIDAYKTFPPTEPKK    4   YKTFPPTEP     0.633  YP_009724397.2      0.011227    41.81       NA      0.202673       5579.76    71.59       
 398     DRB4_0101      ADLDDFSKQLQQSMS    2   LDDFSKQLQ     0.353  YP_009724397.2      0.010838    42.71       NA      0.327800       1440.95    35.30       
 239     DRB4_0101      QQQQGQTVTKKSAAE    5   QTVTKKSAA     0.360  YP_009724397.2      0.010798    42.81       NA      0.227473       4266.59    64.37       
 400     DRB4_0101      LDDFSKQLQQSMSSA    3   FSKQLQQSM     0.713  YP_009724397.2      0.010713    43.01       NA      0.396632        684.24    18.93       
 208     DRB4_0101      ARMAGNGGDAALALL    2   MAGNGGDAA     0.913  YP_009724397.2      0.010642    43.19       NA      0.234698       3945.76    62.24       
 235     DRB4_0101      SGKGQQQQGQTVTKK    3   GQQQQGQTV     0.647  YP_009724397.2      0.010520    43.51       NA      0.214675       4900.25    68.13       
 352     DRB4_0101      LLNKHIDAYKTFPPT    5   IDAYKTFPP     0.580  YP_009724397.2      0.010503    43.55       NA      0.372634        887.10    24.09       
 238     DRB4_0101      GQQQQGQTVTKKSAA    3   QQGQTVTKK     0.627  YP_009724397.2      0.010182    44.38       NA      0.228795       4206.00    63.98       
  98     DRB4_0101      DGKMKDLSPRWYFYY    3   MKDLSPRWY     0.847  YP_009724397.2      0.010063    44.70       NA      0.374419        870.13    23.69       
 399     DRB4_0101      DLDDFSKQLQQSMSS    4   FSKQLQQSM     0.600  YP_009724397.2      0.009834    45.30       NA      0.363946        974.54    26.06       
 136     DRB4_0101      EGALNTPKDHIGTRN    3   LNTPKDHIG     0.553  YP_009724397.2      0.009802    45.38       NA      0.153337       9515.77    84.61       
 104     DRB4_0101      LSPRWYFYYLGTGPE    4   WYFYYLGTG     0.600  YP_009724397.2      0.009750    45.51       NA      0.321940       1535.27    36.92       
 402     DRB4_0101      DFSKQLQQSMSSADS    3   KQLQQSMSS     0.347  YP_009724397.2      0.009680    45.69       NA      0.391202        725.64    20.04       
 403     DRB4_0101      FSKQLQQSMSSADST    4   LQQSMSSAD     0.387  YP_009724397.2      0.009620    45.85       NA      0.395775        690.61    19.11       
 378     DRB4_0101      ETQALPQRQKKQQTV    3   ALPQRQKKQ     0.547  YP_009724397.2      0.009576    45.96       NA      0.271537       2648.66    51.31       
 247     DRB4_0101      TKKSAAEASKKPRQK    4   AAEASKKPR     0.207  YP_009724397.2      0.009551    46.03       NA      0.209076       5206.29    69.77       
 365     DRB4_0101      PTEPKKDKKKKADET    3   PKKDKKKKA     0.607  YP_009724397.2      0.009473    46.24       NA      0.100412      16870.85    95.00       
   3     DRB4_0101      DNGPQNQRNAPRITF    3   PQNQRNAPR     0.687  YP_009724397.2      0.009473    46.24       NA      0.228124       4236.65    64.18       
 150     DRB4_0101      NPANNAAIVLQLPQG    5   AAIVLQLPQ     0.193  YP_009724397.2      0.009204    46.97       NA      0.331608       1382.78    34.26       
 376     DRB4_0101      ADETQALPQRQKKQQ    2   ETQALPQRQ     0.267  YP_009724397.2      0.009122    47.20       NA      0.218544       4699.36    66.99       
  37     DRB4_0101      SKQRRPQGLPNNTAS    5   PQGLPNNTA     0.607  YP_009724397.2      0.008987    47.58       NA      0.222377       4508.45    65.87       
 366     DRB4_0101      TEPKKDKKKKADETQ    5   DKKKKADET     0.433  YP_009724397.2      0.008946    47.70       NA      0.109285      15326.50    93.51       
  38     DRB4_0101      KQRRPQGLPNNTASW    4   PQGLPNNTA     0.740  YP_009724397.2      0.008928    47.75       NA      0.238098       3803.25    61.23       
  97     DRB4_0101      GDGKMKDLSPRWYFY    4   MKDLSPRWY     0.733  YP_009724397.2      0.008901    47.83       NA      0.350571       1126.28    29.27       
 293     DRB4_0101      RQGTDYKHWPQIAQF    5   YKHWPQIAQ     0.720  YP_009724397.2      0.008896    47.84       NA      0.263437       2891.26    53.69       
 401     DRB4_0101      DDFSKQLQQSMSSAD    2   FSKQLQQSM     0.453  YP_009724397.2      0.008747    48.28       NA      0.375636        858.75    23.42       
 311     DRB4_0101      ASAFFGMSRIGMEVT    3   FFGMSRIGM     0.673  YP_009724397.2      0.008735    48.32       NA      0.457053        355.87     9.06       
 231     DRB4_0101      ESKMSGKGQQQQGQT    3   MSGKGQQQQ     0.707  YP_009724397.2      0.008715    48.38       NA      0.169460       7992.50    80.61       
 319     DRB4_0101      RIGMEVTPSGTWLTY    1   IGMEVTPSG     0.707  YP_009724397.2      0.008661    48.54       NA      0.355411       1068.82    28.02       
 237     DRB4_0101      KGQQQQGQTVTKKSA    4   QQGQTVTKK     0.567  YP_009724397.2      0.008658    48.55       NA      0.219408       4655.63    66.74       
 228     DRB4_0101      NQLESKMSGKGQQQQ    2   LESKMSGKG     0.713  YP_009724397.2      0.008620    48.67       NA      0.212121       5037.55    68.88       
  39     DRB4_0101      QRRPQGLPNNTASWF    3   PQGLPNNTA     0.893  YP_009724397.2      0.008578    48.80       NA      0.263603       2886.07    53.64       
 236     DRB4_0101      GKGQQQQGQTVTKKS    5   QQGQTVTKK     0.300  YP_009724397.2      0.008403    49.33       NA      0.210479       5127.85    69.36       
 134     DRB4_0101      ATEGALNTPKDHIGT    4   ALNTPKDHI     0.547  YP_009724397.2      0.008266    49.75       NA      0.149279       9942.89    85.53       
 405     DRB4_0101      KQLQQSMSSADSTQA    3   QQSMSSADS     0.373  YP_009724397.2      0.008251    49.80       NA      0.310192       1743.36    40.20       
  46     DRB4_0101      PNNTASWFTALTQHG    6   WFTALTQHG     0.580  YP_009724397.2      0.008197    49.96       NA      0.305117       1841.77    41.68       
 364     DRB4_0101      PPTEPKKDKKKKADE    4   PKKDKKKKA     0.693  YP_009724397.2      0.008126    50.21       NA      0.089548      18975.21    95.00       
 246     DRB4_0101      VTKKSAAEASKKPRQ    3   KSAAEASKK     0.200  YP_009724397.2      0.008044    50.50       NA      0.219647       4643.61    66.67       
 358     DRB4_0101      DAYKTFPPTEPKKDK    2   YKTFPPTEP     0.700  YP_009724397.2      0.007979    50.73       NA      0.157861       9061.20    83.49       
 222     DRB4_0101      LLLDRLNQLESKMSG    5   LNQLESKMS     0.567  YP_009724397.2      0.007970    50.77       NA      0.452921        372.14     9.62       
   2     DRB4_0101      SDNGPQNQRNAPRIT    4   PQNQRNAPR     0.720  YP_009724397.2      0.007961    50.80       NA      0.165555       8337.43    81.58       
 165     DRB4_0101      TTLPKGFYAEGSRGG    6   FYAEGSRGG     0.673  YP_009724397.2      0.007960    50.80       NA      0.200945       5685.07    72.08       
 108     DRB4_0101      WYFYYLGTGPEAGLP    2   FYYLGTGPE     0.387  YP_009724397.2      0.007895    51.03       NA      0.324220       1497.86    36.29       
  12     DRB4_0101      APRITFGGPSDSTGS    3   ITFGGPSDS     0.827  YP_009724397.2      0.007841    51.23       NA      0.160474       8808.61    82.84       
 377     DRB4_0101      DETQALPQRQKKQQT    4   ALPQRQKKQ     0.573  YP_009724397.2      0.007798    51.38       NA      0.233450       3999.41    62.61       
  54     DRB4_0101      TALTQHGKEDLKFPR    2   LTQHGKEDL     0.480  YP_009724397.2      0.007756    51.53       NA      0.240320       3712.90    60.58       
 230     DRB4_0101      LESKMSGKGQQQQGQ    4   MSGKGQQQQ     0.713  YP_009724397.2      0.007752    51.55       NA      0.184538       6789.40    76.63       
  73     DRB4_0101      PINTNSSPDDQIGYY    3   TNSSPDDQI     0.400  YP_009724397.2      0.007751    51.55       NA      0.132722      11893.60    89.08       
 310     DRB4_0101      SASAFFGMSRIGMEV    4   FFGMSRIGM     0.733  YP_009724397.2      0.007727    51.64       NA      0.434128        456.05    12.34       
  53     DRB4_0101      FTALTQHGKEDLKFP    3   LTQHGKEDL     0.613  YP_009724397.2      0.007617    52.03       NA      0.279839       2421.11    48.85       
 212     DRB4_0101      GNGGDAALALLLLDR    4   DAALALLLL     0.567  YP_009724397.2      0.007481    52.52       NA      0.356208       1059.64    27.83       
  96     DRB4_0101      GGDGKMKDLSPRWYF    5   MKDLSPRWY     0.580  YP_009724397.2      0.007383    52.87       NA      0.324421       1494.60    36.24       
  78     DRB4_0101      SSPDDQIGYYRRATR    6   IGYYRRATR     0.487  YP_009724397.2      0.007036    54.11       NA      0.242970       3607.96    59.79       
 261     DRB4_0101      KRTATKAYNVTQAFG    4   TKAYNVTQA     0.373  YP_009724397.2      0.006877    54.68       NA      0.299649       1954.02    43.24       
  86     DRB4_0101      YYRRATRRIRGGDGK    2   RRATRRIRG     0.273  YP_009724397.2      0.006801    54.95       NA      0.407213        610.22    16.88       
 394     DRB4_0101      LLPAADLDDFSKQLQ    2   PAADLDDFS     0.393  YP_009724397.2      0.006761    55.11       NA      0.243472       3588.41    59.64       
 140     DRB4_0101      NTPKDHIGTRNPANN    4   DHIGTRNPA     0.513  YP_009724397.2      0.006712    55.31       NA      0.158480       9000.72    83.34       
 337     DRB4_0101      IKLDDKDPNFKDQVI    0   IKLDDKDPN     0.167  YP_009724397.2      0.006671    55.48       NA      0.194556       6091.96    73.88       
  55     DRB4_0101      ALTQHGKEDLKFPRG    3   QHGKEDLKF     0.480  YP_009724397.2      0.006637    55.62       NA      0.227807       4251.20    64.27       
   6     DRB4_0101      PQNQRNAPRITFGGP    3   QRNAPRITF     0.653  YP_009724397.2      0.006431    56.47       NA      0.207105       5318.51    70.34       
 149     DRB4_0101      RNPANNAAIVLQLPQ    3   ANNAAIVLQ     0.493  YP_009724397.2      0.006234    57.29       NA      0.323958       1502.11    36.36       
 309     DRB4_0101      PSASAFFGMSRIGME    5   FFGMSRIGM     0.760  YP_009724397.2      0.006101    57.84       NA      0.402131        644.72    17.85       
 312     DRB4_0101      SAFFGMSRIGMEVTP    2   FFGMSRIGM     0.393  YP_009724397.2      0.006067    57.98       NA      0.456114        359.50     9.19       
 268     DRB4_0101      YNVTQAFGRRGPEQT    2   VTQAFGRRG     0.667  YP_009724397.2      0.006015    58.20       NA      0.277945       2471.24    49.41       
 133     DRB4_0101      VATEGALNTPKDHIG    5   ALNTPKDHI     0.393  YP_009724397.2      0.006003    58.25       NA      0.163343       8539.38    82.13       
 360     DRB4_0101      YKTFPPTEPKKDKKK    3   FPPTEPKKD     0.820  YP_009724397.2      0.005980    58.34       NA      0.136268      11445.92    88.32       
  61     DRB4_0101      KEDLKFPRGQGVPIN    3   LKFPRGQGV     0.573  YP_009724397.2      0.005882    58.75       NA      0.231056       4104.35    63.31       
  22     DRB4_0101      DSTGSNQNGERSGAR    3   GSNQNGERS     0.760  YP_009724397.2      0.005868    58.80       NA      0.117776      13981.19    91.95       
 120     DRB4_0101      GLPYGANKDGIIWVA    3   YGANKDGII     0.640  YP_009724397.2      0.005818    59.01       NA      0.226593       4307.41    64.63       
 229     DRB4_0101      QLESKMSGKGQQQQG    5   MSGKGQQQQ     0.393  YP_009724397.2      0.005795    59.11       NA      0.198484       5838.48    72.77       
  60     DRB4_0101      GKEDLKFPRGQGVPI    4   LKFPRGQGV     0.533  YP_009724397.2      0.005742    59.33       NA      0.211766       5056.94    68.98       
  11     DRB4_0101      NAPRITFGGPSDSTG    4   ITFGGPSDS     0.727  YP_009724397.2      0.005736    59.35       NA      0.156246       9220.93    83.89       
  88     DRB4_0101      RRATRRIRGGDGKMK    3   TRRIRGGDG     0.587  YP_009724397.2      0.005720    59.42       NA      0.274458       2566.26    50.45       
 326     DRB4_0101      PSGTWLTYTGAIKLD    5   LTYTGAIKL     0.693  YP_009724397.2      0.005645    59.73       NA      0.363852        975.53    26.08       
  64     DRB4_0101      LKFPRGQGVPINTNS    3   PRGQGVPIN     0.720  YP_009724397.2      0.005643    59.74       NA      0.229544       4172.05    63.76       
 109     DRB4_0101      YFYYLGTGPEAGLPY    3   YLGTGPEAG     0.660  YP_009724397.2      0.005633    59.78       NA      0.310619       1735.32    40.08       
 379     DRB4_0101      TQALPQRQKKQQTVT    4   PQRQKKQQT     0.493  YP_009724397.2      0.005613    59.86       NA      0.273690       2587.67    50.67       
 381     DRB4_0101      ALPQRQKKQQTVTLL    5   QKKQQTVTL     0.507  YP_009724397.2      0.005605    59.89       NA      0.367551        937.26    25.19       
 144     DRB4_0101      DHIGTRNPANNAAIV    2   IGTRNPANN     0.440  YP_009724397.2      0.005594    59.94       NA      0.211296       5082.72    69.12       
 234     DRB4_0101      MSGKGQQQQGQTVTK    4   GQQQQGQTV     0.573  YP_009724397.2      0.005481    60.49       NA      0.193813       6141.13    74.09       
 119     DRB4_0101      AGLPYGANKDGIIWV    4   YGANKDGII     0.580  YP_009724397.2      0.005473    60.53       NA      0.203228       5546.36    71.43       
  91     DRB4_0101      TRRIRGGDGKMKDLS    3   IRGGDGKMK     0.620  YP_009724397.2      0.005400    60.89       NA      0.208958       5212.94    69.80       
 363     DRB4_0101      FPPTEPKKDKKKKAD    5   PKKDKKKKA     0.573  YP_009724397.2      0.005392    60.93       NA      0.100589      16838.57    95.00       
 260     DRB4_0101      QKRTATKAYNVTQAF    2   RTATKAYNV     0.253  YP_009724397.2      0.005382    60.98       NA      0.312561       1699.24    39.52       
  28     DRB4_0101      QNGERSGARSKQRRP    3   ERSGARSKQ     0.513  YP_009724397.2      0.005381    60.99       NA      0.177863       7297.89    78.41       
  95     DRB4_0101      RGGDGKMKDLSPRWY    4   GKMKDLSPR     0.207  YP_009724397.2      0.005378    61.00       NA      0.263382       2892.98    53.71       
  29     DRB4_0101      NGERSGARSKQRRPQ    3   RSGARSKQR     0.360  YP_009724397.2      0.005361    61.08       NA      0.210135       5146.97    69.46       
   4     DRB4_0101      NGPQNQRNAPRITFG    2   PQNQRNAPR     0.340  YP_009724397.2      0.005316    61.31       NA      0.239112       3761.75    60.94       
 255     DRB4_0101      SKKPRQKRTATKAYN    3   PRQKRTATK     0.260  YP_009724397.2      0.005292    61.43       NA      0.276164       2519.32    49.94       
  52     DRB4_0101      WFTALTQHGKEDLKF    4   LTQHGKEDL     0.573  YP_009724397.2      0.005147    62.15       NA      0.317189       1616.25    38.20       
 321     DRB4_0101      GMEVTPSGTWLTYTG    3   VTPSGTWLT     0.947  YP_009724397.2      0.005140    62.18       NA      0.259635       3012.68    54.81       
  36     DRB4_0101      RSKQRRPQGLPNNTA    4   RRPQGLPNN     0.467  YP_009724397.2      0.005031    62.73       NA      0.216656       4796.34    67.55       
  32     DRB4_0101      RSGARSKQRRPQGLP    3   ARSKQRRPQ     0.627  YP_009724397.2      0.004999    62.89       NA      0.234575       3951.02    62.27       
  93     DRB4_0101      RIRGGDGKMKDLSPR    4   GDGKMKDLS     0.560  YP_009724397.2      0.004959    63.08       NA      0.186964       6613.51    75.98       
 199     DRB4_0101      PGSSRGTSPARMAGN    3   SRGTSPARM     0.800  YP_009724397.2      0.004918    63.29       NA      0.203844       5509.51    71.26       
  94     DRB4_0101      IRGGDGKMKDLSPRW    3   GDGKMKDLS     0.527  YP_009724397.2      0.004917    63.29       NA      0.198243       5853.72    72.84       
   5     DRB4_0101      GPQNQRNAPRITFGG    4   QRNAPRITF     0.440  YP_009724397.2      0.004876    63.50       NA      0.230539       4127.38    63.47       
  59     DRB4_0101      HGKEDLKFPRGQGVP    5   LKFPRGQGV     0.373  YP_009724397.2      0.004857    63.59       NA      0.178097       7279.43    78.35       
 132     DRB4_0101      WVATEGALNTPKDHI    1   VATEGALNT     0.460  YP_009724397.2      0.004824    63.76       NA      0.211423       5075.74    69.08       
  89     DRB4_0101      RATRRIRGGDGKMKD    5   IRGGDGKMK     0.400  YP_009724397.2      0.004750    64.12       NA      0.213152       4981.67    68.57       
 380     DRB4_0101      QALPQRQKKQQTVTL    3   PQRQKKQQT     0.487  YP_009724397.2      0.004743    64.16       NA      0.317983       1602.42    37.98       
   1     DRB4_0101      MSDNGPQNQRNAPRI    5   PQNQRNAPR     0.627  YP_009724397.2      0.004733    64.21       NA      0.152903       9560.56    84.72       
  90     DRB4_0101      ATRRIRGGDGKMKDL    4   IRGGDGKMK     0.580  YP_009724397.2      0.004694    64.40       NA      0.208193       5256.27    70.03       
 232     DRB4_0101      SKMSGKGQQQQGQTV    2   MSGKGQQQQ     0.440  YP_009724397.2      0.004683    64.46       NA      0.187284       6590.65    75.89       
 118     DRB4_0101      EAGLPYGANKDGIIW    5   YGANKDGII     0.500  YP_009724397.2      0.004564    65.06       NA      0.168934       8038.11    80.74       
  92     DRB4_0101      RRIRGGDGKMKDLSP    2   IRGGDGKMK     0.427  YP_009724397.2      0.004491    65.48       NA      0.197619       5893.38    73.02       
  30     DRB4_0101      GERSGARSKQRRPQG    5   ARSKQRRPQ     0.507  YP_009724397.2      0.004469    65.61       NA      0.214789       4894.21    68.09       
 103     DRB4_0101      DLSPRWYFYYLGTGP    5   WYFYYLGTG     0.667  YP_009724397.2      0.004417    65.91       NA      0.260880       2972.37    54.44       
 233     DRB4_0101      KMSGKGQQQQGQTVT    3   GKGQQQQGQ     0.513  YP_009724397.2      0.004311    66.52       NA      0.194195       6115.80    73.99       
 117     DRB4_0101      PEAGLPYGANKDGII    3   GLPYGANKD     0.333  YP_009724397.2      0.004299    66.59       NA      0.151116       9747.21    85.14       
 203     DRB4_0101      RGTSPARMAGNGGDA    4   PARMAGNGG     0.587  YP_009724397.2      0.004293    66.63       NA      0.138730      11145.05    87.80       
  87     DRB4_0101      YRRATRRIRGGDGKM    4   TRRIRGGDG     0.420  YP_009724397.2      0.004161    67.39       NA      0.341462       1242.94    31.58       
 359     DRB4_0101      AYKTFPPTEPKKDKK    4   FPPTEPKKD     0.593  YP_009724397.2      0.004149    67.46       NA      0.158108       9037.02    83.43       
  63     DRB4_0101      DLKFPRGQGVPINTN    4   PRGQGVPIN     0.673  YP_009724397.2      0.004041    68.08       NA      0.223248       4466.16    65.61       
 170     DRB4_0101      GFYAEGSRGGSQASS    1   FYAEGSRGG     0.753  YP_009724397.2      0.003959    68.56       NA      0.192724       6213.92    74.40       
  65     DRB4_0101      KFPRGQGVPINTNSS    2   PRGQGVPIN     0.453  YP_009724397.2      0.003762    69.70       NA      0.211321       5081.35    69.11       
 313     DRB4_0101      AFFGMSRIGMEVTPS    4   MSRIGMEVT     0.433  YP_009724397.2      0.003747    69.79       NA      0.447336        395.32    10.39       
 361     DRB4_0101      KTFPPTEPKKDKKKK    2   FPPTEPKKD     0.647  YP_009724397.2      0.003688    70.14       NA      0.111409      14978.30    93.12       
 276     DRB4_0101      RRGPEQTQGNFGDQE    4   EQTQGNFGD     0.447  YP_009724397.2      0.003641    70.45       NA      0.092434      18391.85    95.00       
  10     DRB4_0101      RNAPRITFGGPSDST    5   ITFGGPSDS     0.533  YP_009724397.2      0.003633    70.50       NA      0.166491       8253.42    81.35       
 292     DRB4_0101      IRQGTDYKHWPQIAQ    6   YKHWPQIAQ     0.453  YP_009724397.2      0.003606    70.67       NA      0.238387       3791.37    61.15       
  33     DRB4_0101      SGARSKQRRPQGLPN    3   RSKQRRPQG     0.313  YP_009724397.2      0.003599    70.72       NA      0.212005       5043.88    68.91       
 250     DRB4_0101      SAAEASKKPRQKRTA    2   AEASKKPRQ     0.593  YP_009724397.2      0.003590    70.78       NA      0.204003       5500.04    71.21       
  31     DRB4_0101      ERSGARSKQRRPQGL    4   ARSKQRRPQ     0.573  YP_009724397.2      0.003491    71.42       NA      0.241807       3653.64    60.14       
 148     DRB4_0101      TRNPANNAAIVLQLP    4   ANNAAIVLQ     0.480  YP_009724397.2      0.003472    71.54       NA      0.294456       2066.95    44.67       
 320     DRB4_0101      IGMEVTPSGTWLTYT    4   VTPSGTWLT     0.853  YP_009724397.2      0.003451    71.68       NA      0.286630       2249.59    46.90       
 209     DRB4_0101      RMAGNGGDAALALLL    1   MAGNGGDAA     0.727  YP_009724397.2      0.003445    71.72       NA      0.241137       3680.23    60.34       
 303     DRB4_0101      QIAQFAPSASAFFGM    1   IAQFAPSAS     0.480  YP_009724397.2      0.003405    71.98       NA      0.394688        698.78    19.33       
  27     DRB4_0101      NQNGERSGARSKQRR    4   ERSGARSKQ     0.493  YP_009724397.2      0.003340    72.40       NA      0.170014       7944.73    80.48       
 279     DRB4_0101      PEQTQGNFGDQELIR    4   QGNFGDQEL     0.173  YP_009724397.2      0.003306    72.62       NA      0.138570      11164.36    87.83       
 175     DRB4_0101      GSRGGSQASSRSSSR    3   GGSQASSRS     0.633  YP_009724397.2      0.003299    72.67       NA      0.200673       5701.82    72.15       
  21     DRB4_0101      SDSTGSNQNGERSGA    4   GSNQNGERS     0.647  YP_009724397.2      0.003294    72.70       NA      0.097932      17329.68    95.00       
  35     DRB4_0101      ARSKQRRPQGLPNNT    5   RRPQGLPNN     0.480  YP_009724397.2      0.003269    72.86       NA      0.205409       5417.01    70.82       
 137     DRB4_0101      GALNTPKDHIGTRNP    2   LNTPKDHIG     0.527  YP_009724397.2      0.003219    73.18       NA      0.145907      10312.34    86.26       
 269     DRB4_0101      NVTQAFGRRGPEQTQ    1   VTQAFGRRG     0.413  YP_009724397.2      0.003187    73.39       NA      0.215380       4863.02    67.92       
  75     DRB4_0101      NTNSSPDDQIGYYRR    3   SSPDDQIGY     0.433  YP_009724397.2      0.003158    73.58       NA      0.126657      12700.26    90.33       
 116     DRB4_0101      GPEAGLPYGANKDGI    4   GLPYGANKD     0.413  YP_009724397.2      0.003151    73.63       NA      0.121436      13438.35    91.28       
  13     DRB4_0101      PRITFGGPSDSTGSN    2   ITFGGPSDS     0.673  YP_009724397.2      0.003114    73.87       NA      0.144788      10437.96    86.50       
  56     DRB4_0101      LTQHGKEDLKFPRGQ    2   QHGKEDLKF     0.353  YP_009724397.2      0.003048    74.29       NA      0.203333       5540.06    71.40       
 200     DRB4_0101      GSSRGTSPARMAGNG    3   RGTSPARMA     0.333  YP_009724397.2      0.003035    74.38       NA      0.201034       5679.59    72.05       
  62     DRB4_0101      EDLKFPRGQGVPINT    2   LKFPRGQGV     0.347  YP_009724397.2      0.002959    74.87       NA      0.223792       4439.95    65.45       
 271     DRB4_0101      TQAFGRRGPEQTQGN    3   FGRRGPEQT     0.700  YP_009724397.2      0.002951    74.92       NA      0.138475      11175.84    87.85       
 198     DRB4_0101      TPGSSRGTSPARMAG    4   SRGTSPARM     0.680  YP_009724397.2      0.002879    75.44       NA      0.200461       5714.92    72.21       
  40     DRB4_0101      RRPQGLPNNTASWFT    2   PQGLPNNTA     0.727  YP_009724397.2      0.002823    75.86       NA      0.244677       3541.93    59.28       
 114     DRB4_0101      GTGPEAGLPYGANKD    3   PEAGLPYGA     0.547  YP_009724397.2      0.002811    75.95       NA      0.110867      15066.39    93.22       
 253     DRB4_0101      EASKKPRQKRTATKA    3   KKPRQKRTA     0.300  YP_009724397.2      0.002754    76.37       NA      0.219918       4630.01    66.59       
 177     DRB4_0101      RGGSQASSRSSSRSR    3   SQASSRSSS     0.560  YP_009724397.2      0.002709    76.70       NA      0.230870       4112.62    63.37       
  99     DRB4_0101      GKMKDLSPRWYFYYL    2   MKDLSPRWY     0.807  YP_009724397.2      0.002696    76.80       NA      0.394767        698.19    19.31       
 291     DRB4_0101      LIRQGTDYKHWPQIA    1   IRQGTDYKH     0.367  YP_009724397.2      0.002684    76.89       NA      0.313258       1686.48    39.31       
 254     DRB4_0101      ASKKPRQKRTATKAY    4   PRQKRTATK     0.393  YP_009724397.2      0.002683    76.89       NA      0.241440       3668.18    60.25       
  57     DRB4_0101      TQHGKEDLKFPRGQG    3   GKEDLKFPR     0.300  YP_009724397.2      0.002671    76.98       NA      0.154154       9432.03    84.41       
 181     DRB4_0101      QASSRSSSRSRNSSR    3   SRSSSRSRN     0.533  YP_009724397.2      0.002649    77.14       NA      0.276943       2498.18    49.71       
   7     DRB4_0101      QNQRNAPRITFGGPS    2   QRNAPRITF     0.447  YP_009724397.2      0.002648    77.15       NA      0.199956       5746.23    72.36       
 362     DRB4_0101      TFPPTEPKKDKKKKA    4   TEPKKDKKK     0.280  YP_009724397.2      0.002643    77.19       NA      0.110525      15122.25    93.28       
 277     DRB4_0101      RGPEQTQGNFGDQEL    3   EQTQGNFGD     0.500  YP_009724397.2      0.002629    77.29       NA      0.101999      16583.64    94.84       
 270     DRB4_0101      VTQAFGRRGPEQTQG    4   FGRRGPEQT     0.613  YP_009724397.2      0.002594    77.55       NA      0.174378       7578.32    79.34       
  58     DRB4_0101      QHGKEDLKFPRGQGV    3   KEDLKFPRG     0.327  YP_009724397.2      0.002559    77.81       NA      0.184270       6809.12    76.70       
 123     DRB4_0101      YGANKDGIIWVATEG    5   DGIIWVATE     0.233  YP_009724397.2      0.002556    77.83       NA      0.229217       4186.84    63.86       
 185     DRB4_0101      RSSSRSRNSSRNSTP    3   SRSRNSSRN     0.293  YP_009724397.2      0.002532    78.01       NA      0.209382       5189.08    69.68       
 115     DRB4_0101      TGPEAGLPYGANKDG    3   EAGLPYGAN     0.367  YP_009724397.2      0.002507    78.20       NA      0.109057      15364.36    93.55       
 275     DRB4_0101      GRRGPEQTQGNFGDQ    5   EQTQGNFGD     0.400  YP_009724397.2      0.002478    78.41       NA      0.087585      19382.54    95.00       
 110     DRB4_0101      FYYLGTGPEAGLPYG    2   YLGTGPEAG     0.640  YP_009724397.2      0.002425    78.80       NA      0.249923       3346.49    57.71       
 121     DRB4_0101      LPYGANKDGIIWVAT    2   YGANKDGII     0.467  YP_009724397.2      0.002401    78.98       NA      0.242771       3615.73    59.85       
 211     DRB4_0101      AGNGGDAALALLLLD    5   DAALALLLL     0.647  YP_009724397.2      0.002372    79.19       NA      0.286532       2251.98    46.93       
   8     DRB4_0101      NQRNAPRITFGGPSD    3   NAPRITFGG     0.380  YP_009724397.2      0.002356    79.31       NA      0.181368       7026.31    77.47       
 325     DRB4_0101      TPSGTWLTYTGAIKL    6   LTYTGAIKL     0.387  YP_009724397.2      0.002354    79.33       NA      0.366279        950.25    25.50       
  34     DRB4_0101      GARSKQRRPQGLPNN    6   RRPQGLPNN     0.120  YP_009724397.2      0.002351    79.35       NA      0.210641       5118.87    69.31       
 164     DRB4_0101      GTTLPKGFYAEGSRG    4   PKGFYAEGS     0.533  YP_009724397.2      0.002330    79.50       NA      0.173289       7668.14    79.64       
 202     DRB4_0101      SRGTSPARMAGNGGD    5   PARMAGNGG     0.440  YP_009724397.2      0.002309    79.66       NA      0.174760       7547.06    79.24       
 191     DRB4_0101      RNSSRNSTPGSSRGT    3   SRNSTPGSS     0.593  YP_009724397.2      0.002297    79.75       NA      0.136912      11366.44    88.18       
 190     DRB4_0101      SRNSSRNSTPGSSRG    4   SRNSTPGSS     0.467  YP_009724397.2      0.002283    79.85       NA      0.140652      10915.67    87.38       
 274     DRB4_0101      FGRRGPEQTQGNFGD    3   RGPEQTQGN     0.333  YP_009724397.2      0.002277    79.90       NA      0.100243      16901.73    95.00       
 338     DRB4_0101      KLDDKDPNFKDQVIL    4   KDPNFKDQV     0.247  YP_009724397.2      0.002252    80.09       NA      0.145040      10409.54    86.44       
 146     DRB4_0101      IGTRNPANNAAIVLQ    3   RNPANNAAI     0.353  YP_009724397.2      0.002245    80.15       NA      0.228681       4211.19    64.01       
   9     DRB4_0101      QRNAPRITFGGPSDS    4   PRITFGGPS     0.453  YP_009724397.2      0.002208    80.46       NA      0.176173       7432.56    78.86       
 139     DRB4_0101      LNTPKDHIGTRNPAN    5   DHIGTRNPA     0.533  YP_009724397.2      0.002193    80.59       NA      0.138447      11179.23    87.86       
 174     DRB4_0101      EGSRGGSQASSRSSS    4   GGSQASSRS     0.600  YP_009724397.2      0.002150    80.95       NA      0.167646       8150.92    81.06       
  74     DRB4_0101      INTNSSPDDQIGYYR    4   SSPDDQIGY     0.293  YP_009724397.2      0.002137    81.06       NA      0.131041      12111.90    89.44       
  23     DRB4_0101      STGSNQNGERSGARS    2   GSNQNGERS     0.507  YP_009724397.2      0.002125    81.16       NA      0.121643      13408.28    91.25       
 182     DRB4_0101      ASSRSSSRSRNSSRN    3   RSSSRSRNS     0.440  YP_009724397.2      0.002104    81.33       NA      0.269026       2721.60    52.04       
 186     DRB4_0101      SSSRSRNSSRNSTPG    3   RSRNSSRNS     0.387  YP_009724397.2      0.002103    81.34       NA      0.176682       7391.74    78.73       
 308     DRB4_0101      APSASAFFGMSRIGM    6   FFGMSRIGM     0.527  YP_009724397.2      0.002063    81.68       NA      0.367669        936.06    25.17       
 161     DRB4_0101      LPQGTTLPKGFYAEG    3   GTTLPKGFY     0.400  YP_009724397.2      0.002043    81.84       NA      0.181824       6991.73    77.35       
  26     DRB4_0101      SNQNGERSGARSKQR    5   ERSGARSKQ     0.320  YP_009724397.2      0.002015    82.08       NA      0.141428      10824.41    87.22       
 252     DRB4_0101      AEASKKPRQKRTATK    4   KKPRQKRTA     0.347  YP_009724397.2      0.001950    82.62       NA      0.206578       5348.92    70.48       
 178     DRB4_0101      GGSQASSRSSSRSRN    4   ASSRSSSRS     0.353  YP_009724397.2      0.001941    82.70       NA      0.236723       3860.25    61.64       
 159     DRB4_0101      LQLPQGTTLPKGFYA    3   PQGTTLPKG     0.580  YP_009724397.2      0.001930    82.79       NA      0.244578       3545.73    59.31       
 176     DRB4_0101      SRGGSQASSRSSSRS    4   SQASSRSSS     0.393  YP_009724397.2      0.001918    82.89       NA      0.206412       5358.54    70.53       
 145     DRB4_0101      HIGTRNPANNAAIVL    4   RNPANNAAI     0.267  YP_009724397.2      0.001881    83.20       NA      0.239635       3740.52    60.78       
 304     DRB4_0101      IAQFAPSASAFFGMS    3   FAPSASAFF     0.633  YP_009724397.2      0.001852    83.44       NA      0.328658       1427.63    35.06       
 272     DRB4_0101      QAFGRRGPEQTQGNF    2   FGRRGPEQT     0.520  YP_009724397.2      0.001852    83.44       NA      0.125217      12899.68    90.59       
 184     DRB4_0101      SRSSSRSRNSSRNST    4   SRSRNSSRN     0.213  YP_009724397.2      0.001852    83.44       NA      0.236449       3871.71    61.72       
 160     DRB4_0101      QLPQGTTLPKGFYAE    4   GTTLPKGFY     0.253  YP_009724397.2      0.001849    83.47       NA      0.208403       5244.34    69.97       
 339     DRB4_0101      LDDKDPNFKDQVILL    3   KDPNFKDQV     0.307  YP_009724397.2      0.001841    83.53       NA      0.221539       4549.51    66.11       
 324     DRB4_0101      VTPSGTWLTYTGAIK    4   GTWLTYTGA     0.353  YP_009724397.2      0.001831    83.62       NA      0.260432       2986.81    54.58       
  20     DRB4_0101      PSDSTGSNQNGERSG    5   GSNQNGERS     0.467  YP_009724397.2      0.001828    83.64       NA      0.086794      19549.14    95.00       
 251     DRB4_0101      AAEASKKPRQKRTAT    3   ASKKPRQKR     0.273  YP_009724397.2      0.001764    84.18       NA      0.197739       5885.73    72.98       
 183     DRB4_0101      SSRSSSRSRNSSRNS    2   RSSSRSRNS     0.213  YP_009724397.2      0.001764    84.18       NA      0.257032       3098.73    55.59       
 163     DRB4_0101      QGTTLPKGFYAEGSR    5   PKGFYAEGS     0.413  YP_009724397.2      0.001759    84.22       NA      0.173121       7682.09    79.68       
 173     DRB4_0101      AEGSRGGSQASSRSS    3   SRGGSQASS     0.273  YP_009724397.2      0.001740    84.38       NA      0.134959      11609.18    88.60       
 179     DRB4_0101      GSQASSRSSSRSRNS    3   ASSRSSSRS     0.420  YP_009724397.2      0.001709    84.64       NA      0.256538       3115.34    55.73       
 197     DRB4_0101      STPGSSRGTSPARMA    5   SRGTSPARM     0.600  YP_009724397.2      0.001704    84.68       NA      0.199409       5780.34    72.51       
 162     DRB4_0101      PQGTTLPKGFYAEGS    2   GTTLPKGFY     0.273  YP_009724397.2      0.001692    84.78       NA      0.163489       8525.90    82.09       
 147     DRB4_0101      GTRNPANNAAIVLQL    4   PANNAAIVL     0.273  YP_009724397.2      0.001689    84.81       NA      0.263170       2899.63    53.77       
 278     DRB4_0101      GPEQTQGNFGDQELI    4   TQGNFGDQE     0.393  YP_009724397.2      0.001660    85.06       NA      0.111424      14975.87    93.12       
 122     DRB4_0101      PYGANKDGIIWVATE    3   ANKDGIIWV     0.413  YP_009724397.2      0.001654    85.11       NA      0.233116       4013.88    62.71       
 180     DRB4_0101      SQASSRSSSRSRNSS    4   SRSSSRSRN     0.413  YP_009724397.2      0.001627    85.37       NA      0.260048       2999.25    54.69       
 322     DRB4_0101      MEVTPSGTWLTYTGA    2   VTPSGTWLT     0.693  YP_009724397.2      0.001582    85.79       NA      0.254001       3202.04    56.49       
 157     DRB4_0101      IVLQLPQGTTLPKGF    0   IVLQLPQGT     0.227  YP_009724397.2      0.001582    85.79       NA      0.450242        383.09     9.98       
 187     DRB4_0101      SSRSRNSSRNSTPGS    3   SRNSSRNST     0.493  YP_009724397.2      0.001555    86.04       NA      0.169747       7967.72    80.54       
 189     DRB4_0101      RSRNSSRNSTPGSSR    4   SSRNSTPGS     0.227  YP_009724397.2      0.001530    86.28       NA      0.161029       8755.88    82.70       
 201     DRB4_0101      SSRGTSPARMAGNGG    2   RGTSPARMA     0.233  YP_009724397.2      0.001460    86.93       NA      0.195943       6001.22    73.49       
  25     DRB4_0101      GSNQNGERSGARSKQ    3   QNGERSGAR     0.553  YP_009724397.2      0.001439    87.13       NA      0.117039      14093.12    92.09       
  76     DRB4_0101      TNSSPDDQIGYYRRA    2   SSPDDQIGY     0.253  YP_009724397.2      0.001411    87.39       NA      0.141357      10832.72    87.23       
 113     DRB4_0101      LGTGPEAGLPYGANK    4   PEAGLPYGA     0.507  YP_009724397.2      0.001390    87.59       NA      0.117803      13977.11    91.95       
 158     DRB4_0101      VLQLPQGTTLPKGFY    4   PQGTTLPKG     0.453  YP_009724397.2      0.001362    87.85       NA      0.272619       2617.83    50.99       
 273     DRB4_0101      AFGRRGPEQTQGNFG    4   RGPEQTQGN     0.327  YP_009724397.2      0.001354    87.93       NA      0.115571      14318.76    92.36       
  45     DRB4_0101      LPNNTASWFTALTQH    4   TASWFTALT     0.580  YP_009724397.2      0.001320    88.25       NA      0.266727       2790.15    52.72       
  77     DRB4_0101      NSSPDDQIGYYRRAT    3   PDDQIGYYR     0.440  YP_009724397.2      0.001307    88.37       NA      0.158020       9045.63    83.45       
  24     DRB4_0101      TGSNQNGERSGARSK    4   QNGERSGAR     0.433  YP_009724397.2      0.001281    88.61       NA      0.123158      13190.29    90.97       
 138     DRB4_0101      ALNTPKDHIGTRNPA    1   LNTPKDHIG     0.253  YP_009724397.2      0.001264    88.77       NA      0.139087      11102.08    87.72       
  18     DRB4_0101      GGPSDSTGSNQNGER    3   SDSTGSNQN     0.320  YP_009724397.2      0.001229    89.10       NA      0.066156      24440.21    95.00       
 112     DRB4_0101      YLGTGPEAGLPYGAN    3   TGPEAGLPY     0.487  YP_009724397.2      0.001175    89.61       NA      0.140333      10953.41    87.45       
  14     DRB4_0101      RITFGGPSDSTGSNQ    3   FGGPSDSTG     0.333  YP_009724397.2      0.001167    89.68       NA      0.128339      12471.22    90.02       
 111     DRB4_0101      YYLGTGPEAGLPYGA    1   YLGTGPEAG     0.420  YP_009724397.2      0.001127    90.06       NA      0.179095       7201.25    78.08       
 305     DRB4_0101      AQFAPSASAFFGMSR    2   FAPSASAFF     0.527  YP_009724397.2      0.001125    90.08       NA      0.284366       2305.38    47.55       
  19     DRB4_0101      GPSDSTGSNQNGERS    3   DSTGSNQNG     0.380  YP_009724397.2      0.001086    90.48       NA      0.080537      20918.43    95.00       
 188     DRB4_0101      SRSRNSSRNSTPGSS    2   SRNSSRNST     0.293  YP_009724397.2      0.001076    90.59       NA      0.164273       8453.88    81.90       
 192     DRB4_0101      NSSRNSTPGSSRGTS    3   RNSTPGSSR     0.340  YP_009724397.2      0.001060    90.75       NA      0.120820      13528.21    91.40       
 172     DRB4_0101      YAEGSRGGSQASSRS    4   SRGGSQASS     0.367  YP_009724397.2      0.000998    91.39       NA      0.128142      12497.83    90.06       
  41     DRB4_0101      RPQGLPNNTASWFTA    3   GLPNNTASW     0.280  YP_009724397.2      0.000880    92.60       NA      0.232485       4041.38    62.89       
 100     DRB4_0101      KMKDLSPRWYFYYLG    1   MKDLSPRWY     0.527  YP_009724397.2      0.000831    93.11       NA      0.382801        794.69    21.82       
 196     DRB4_0101      NSTPGSSRGTSPARM    6   SRGTSPARM     0.420  YP_009724397.2      0.000816    93.26       NA      0.152780       9573.29    84.75       
 323     DRB4_0101      EVTPSGTWLTYTGAI    1   VTPSGTWLT     0.367  YP_009724397.2      0.000798    93.45       NA      0.229140       4190.33    63.88       
 210     DRB4_0101      MAGNGGDAALALLLL    6   DAALALLLL     0.420  YP_009724397.2      0.000787    93.56       NA      0.278446       2457.88    49.26       
 102     DRB4_0101      KDLSPRWYFYYLGTG    6   WYFYYLGTG     0.400  YP_009724397.2      0.000757    93.87       NA      0.293106       2097.36    45.04       
  17     DRB4_0101      FGGPSDSTGSNQNGE    4   SDSTGSNQN     0.380  YP_009724397.2      0.000653    94.94       NA      0.063210      25231.79    95.00       
 171     DRB4_0101      FYAEGSRGGSQASSR    5   SRGGSQASS     0.240  YP_009724397.2      0.000597    95.00       NA      0.168183       8103.70    80.93       
 193     DRB4_0101      SSRNSTPGSSRGTSP    2   RNSTPGSSR     0.307  YP_009724397.2      0.000570    95.00       NA      0.117512      14021.18    92.00       
 307     DRB4_0101      FAPSASAFFGMSRIG    5   SAFFGMSRI     0.180  YP_009724397.2      0.000554    95.00       NA      0.280365       2407.37    48.70       
 306     DRB4_0101      QFAPSASAFFGMSRI    1   FAPSASAFF     0.320  YP_009724397.2      0.000551    95.00       NA      0.299095       1965.76    43.40       
  44     DRB4_0101      GLPNNTASWFTALTQ    5   TASWFTALT     0.527  YP_009724397.2      0.000546    95.00       NA      0.263390       2892.73    53.70       
  15     DRB4_0101      ITFGGPSDSTGSNQN    2   FGGPSDSTG     0.387  YP_009724397.2      0.000446    95.00       NA      0.090813      18717.27    95.00       
 101     DRB4_0101      MKDLSPRWYFYYLGT    3   LSPRWYFYY     0.560  YP_009724397.2      0.000420    95.00       NA      0.330596       1398.01    34.53       
  16     DRB4_0101      TFGGPSDSTGSNQNG    5   SDSTGSNQN     0.353  YP_009724397.2      0.000404    95.00       NA      0.066473      24356.53    95.00       
  42     DRB4_0101      PQGLPNNTASWFTAL    3   LPNNTASWF     0.453  YP_009724397.2      0.000336    95.00       NA      0.236417       3873.05    61.73       
 195     DRB4_0101      RNSTPGSSRGTSPAR    5   GSSRGTSPA     0.440  YP_009724397.2      0.000329    95.00       NA      0.106919      15723.92    93.94       
 194     DRB4_0101      SRNSTPGSSRGTSPA    1   RNSTPGSSR     0.173  YP_009724397.2      0.000274    95.00       NA      0.106840      15737.37    93.96       
  43     DRB4_0101      QGLPNNTASWFTALT    2   LPNNTASWF     0.207  YP_009724397.2      0.000240    95.00       NA      0.248341       3404.26    58.19       
--------------------------------------------------------------------------------------------------------------------------------------------
Number of strong binders: 9 Number of weak binders: 30
--------------------------------------------------------------------------------------------------------------------------------------------
